# JRE version: OpenJDK Runtime Environment (11.0.11+9) (build 11.0.11+9-b60-7590822)
# Java VM: OpenJDK 64-Bit Server VM (11.0.11+9-b60-7590822, mixed mode, tiered, compressed oops, g1 gc, windows-amd64)
Heap:
 garbage-first heap   total 193536K, used 62976K [0x0000000091000000, 0x0000000100000000)
  region size 1024K, 2 young (2048K), 2 survivors (2048K)
 Metaspace       used 54456K, capacity 55055K, committed 55088K, reserved 1097728K
  class space    used 6256K, capacity 6506K, committed 6528K, reserved 1048576K
GC Heap History (17 events):
Event: 0.551 GC heap before
{Heap before GC invocations=0 (full 0):
 garbage-first heap   total 114688K, used 26624K [0x0000000091000000, 0x0000000100000000)
  region size 1024K, 24 young (24576K), 0 survivors (0K)
 Metaspace       used 12515K, capacity 12624K, committed 12800K, reserved 1060864K
  class space    used 1210K, capacity 1249K, committed 1280K, reserved 1048576K
}
Event: 0.556 GC heap after
{Heap after GC invocations=1 (full 0):
 garbage-first heap   total 114688K, used 6361K [0x0000000091000000, 0x0000000100000000)
  region size 1024K, 3 young (3072K), 3 survivors (3072K)
 Metaspace       used 12515K, capacity 12624K, committed 12800K, reserved 1060864K
  class space    used 1210K, capacity 1249K, committed 1280K, reserved 1048576K
}
Event: 1.269 GC heap before
{Heap before GC invocations=1 (full 0):
 garbage-first heap   total 114688K, used 39129K [0x0000000091000000, 0x0000000100000000)
  region size 1024K, 36 young (36864K), 3 survivors (3072K)
 Metaspace       used 20894K, capacity 21138K, committed 21296K, reserved 1069056K
  class space    used 2246K, capacity 2323K, committed 2432K, reserved 1048576K
}
Event: 1.285 GC heap after
{Heap after GC invocations=2 (full 0):
 garbage-first heap   total 114688K, used 9433K [0x0000000091000000, 0x0000000100000000)
  region size 1024K, 6 young (6144K), 6 survivors (6144K)
 Metaspace       used 20894K, capacity 21138K, committed 21296K, reserved 1069056K
  class space    used 2246K, capacity 2323K, committed 2432K, reserved 1048576K
}
Event: 2.167 GC heap before
{Heap before GC invocations=3 (full 0):
 garbage-first heap   total 114688K, used 60633K [0x0000000091000000, 0x0000000100000000)
  region size 1024K, 50 young (51200K), 6 survivors (6144K)
 Metaspace       used 29833K, capacity 30164K, committed 30384K, reserved 1077248K
  class space    used 3345K, capacity 3500K, committed 3584K, reserved 1048576K
}
Event: 2.189 GC heap after
{Heap after GC invocations=4 (full 0):
 garbage-first heap   total 114688K, used 14708K [0x0000000091000000, 0x0000000100000000)
  region size 1024K, 7 young (7168K), 7 survivors (7168K)
 Metaspace       used 29833K, capacity 30164K, committed 30384K, reserved 1077248K
  class space    used 3345K, capacity 3500K, committed 3584K, reserved 1048576K
}
Event: 2.580 GC heap before
{Heap before GC invocations=4 (full 0):
 garbage-first heap   total 114688K, used 41332K [0x0000000091000000, 0x0000000100000000)
  region size 1024K, 34 young (34816K), 7 survivors (7168K)
 Metaspace       used 35405K, capacity 35759K, committed 35888K, reserved 1081344K
  class space    used 4250K, capacity 4403K, committed 4480K, reserved 1048576K
}
Event: 2.599 GC heap after
{Heap after GC invocations=5 (full 0):
 garbage-first heap   total 114688K, used 17872K [0x0000000091000000, 0x0000000100000000)
  region size 1024K, 3 young (3072K), 3 survivors (3072K)
 Metaspace       used 35405K, capacity 35759K, committed 35888K, reserved 1081344K
  class space    used 4250K, capacity 4403K, committed 4480K, reserved 1048576K
}
Event: 3.613 GC heap before
{Heap before GC invocations=6 (full 0):
 garbage-first heap   total 114688K, used 67024K [0x0000000091000000, 0x0000000100000000)
  region size 1024K, 48 young (49152K), 3 survivors (3072K)
 Metaspace       used 41774K, capacity 42231K, committed 42544K, reserved 1087488K
  class space    used 4994K, capacity 5138K, committed 5248K, reserved 1048576K
}
Event: 3.633 GC heap after
{Heap after GC invocations=7 (full 0):
 garbage-first heap   total 149504K, used 28672K [0x0000000091000000, 0x0000000100000000)
  region size 1024K, 6 young (6144K), 6 survivors (6144K)
 Metaspace       used 41774K, capacity 42231K, committed 42544K, reserved 1087488K
  class space    used 4994K, capacity 5138K, committed 5248K, reserved 1048576K
}
Event: 4.543 GC heap before
{Heap before GC invocations=7 (full 0):
 garbage-first heap   total 149504K, used 87040K [0x0000000091000000, 0x0000000100000000)
  region size 1024K, 63 young (64512K), 6 survivors (6144K)
 Metaspace       used 46468K, capacity 46958K, committed 47152K, reserved 1091584K
  class space    used 5462K, capacity 5653K, committed 5760K, reserved 1048576K
}
Event: 4.561 GC heap after
{Heap after GC invocations=8 (full 0):
 garbage-first heap   total 149504K, used 35503K [0x0000000091000000, 0x0000000100000000)
  region size 1024K, 7 young (7168K), 7 survivors (7168K)
 Metaspace       used 46468K, capacity 46958K, committed 47152K, reserved 1091584K
  class space    used 5462K, capacity 5653K, committed 5760K, reserved 1048576K
}
Event: 6.444 GC heap before
{Heap before GC invocations=8 (full 0):
 garbage-first heap   total 149504K, used 106159K [0x0000000091000000, 0x0000000100000000)
  region size 1024K, 66 young (67584K), 7 survivors (7168K)
 Metaspace       used 52411K, capacity 52916K, committed 53040K, reserved 1095680K
  class space    used 6039K, capacity 6262K, committed 6272K, reserved 1048576K
}
Event: 6.477 GC heap after
{Heap after GC invocations=9 (full 0):
 garbage-first heap   total 149504K, used 52224K [0x0000000091000000, 0x0000000100000000)
  region size 1024K, 9 young (9216K), 9 survivors (9216K)
 Metaspace       used 52411K, capacity 52916K, committed 53040K, reserved 1095680K
  class space    used 6039K, capacity 6262K, committed 6272K, reserved 1048576K
}
Event: 6.915 GC heap before
{Heap before GC invocations=9 (full 0):
 garbage-first heap   total 149504K, used 105472K [0x0000000091000000, 0x0000000100000000)
  region size 1024K, 61 young (62464K), 9 survivors (9216K)
 Metaspace       used 52658K, capacity 53279K, committed 53424K, reserved 1095680K
  class space    used 6047K, capacity 6298K, committed 6400K, reserved 1048576K
}
Event: 6.946 GC heap after
{Heap after GC invocations=10 (full 0):
 garbage-first heap   total 149504K, used 60416K [0x0000000091000000, 0x0000000100000000)
  region size 1024K, 7 young (7168K), 7 survivors (7168K)
 Metaspace       used 52658K, capacity 53279K, committed 53424K, reserved 1095680K
  class space    used 6047K, capacity 6298K, committed 6400K, reserved 1048576K
}
Event: 7.537 GC heap before
{Heap before GC invocations=10 (full 0):
 garbage-first heap   total 149504K, used 108544K [0x0000000091000000, 0x0000000100000000)
  region size 1024K, 54 young (55296K), 7 survivors (7168K)
 Metaspace       used 54456K, capacity 55055K, committed 55088K, reserved 1097728K
  class space    used 6256K, capacity 6506K, committed 6528K, reserved 1048576K
}

