# JRE version: OpenJDK Runtime Environment (11.0.11+9) (build 11.0.11+9-b60-7590822)
# Java VM: OpenJDK 64-Bit Server VM (11.0.11+9-b60-7590822, mixed mode, tiered, compressed oops, g1 gc, windows-amd64)
Heap:
 garbage-first heap   total 138240K, used 37805K [0x00000000a0000000, 0x0000000100000000)
  region size 1024K, 5 young (5120K), 5 survivors (5120K)
 Metaspace       used 43021K, capacity 44020K, committed 44232K, reserved 1087488K
  class space    used 5548K, capacity 5912K, committed 6016K, reserved 1048576K
GC Heap History (15 events):
Event: 1.047 GC heap before
{Heap before GC invocations=0 (full 0):
 garbage-first heap   total 114688K, used 29696K [0x00000000a0000000, 0x0000000100000000)
  region size 1024K, 24 young (24576K), 0 survivors (0K)
 Metaspace       used 10104K, capacity 10292K, committed 10368K, reserved 1058816K
  class space    used 1042K, capacity 1092K, committed 1152K, reserved 1048576K
}
Event: 1.057 GC heap after
{Heap after GC invocations=1 (full 0):
 garbage-first heap   total 114688K, used 8367K [0x00000000a0000000, 0x0000000100000000)
  region size 1024K, 3 young (3072K), 3 survivors (3072K)
 Metaspace       used 10104K, capacity 10292K, committed 10368K, reserved 1058816K
  class space    used 1042K, capacity 1092K, committed 1152K, reserved 1048576K
}
Event: 2.941 GC heap before
{Heap before GC invocations=1 (full 0):
 garbage-first heap   total 114688K, used 72879K [0x00000000a0000000, 0x0000000100000000)
  region size 1024K, 67 young (68608K), 3 survivors (3072K)
 Metaspace       used 17574K, capacity 17971K, committed 18176K, reserved 1064960K
  class space    used 2050K, capacity 2206K, committed 2304K, reserved 1048576K
}
Event: 2.952 GC heap after
{Heap after GC invocations=2 (full 0):
 garbage-first heap   total 114688K, used 15427K [0x00000000a0000000, 0x0000000100000000)
  region size 1024K, 9 young (9216K), 9 survivors (9216K)
 Metaspace       used 17574K, capacity 17971K, committed 18176K, reserved 1064960K
  class space    used 2050K, capacity 2206K, committed 2304K, reserved 1048576K
}
Event: 3.283 GC heap before
{Heap before GC invocations=2 (full 0):
 garbage-first heap   total 114688K, used 38979K [0x00000000a0000000, 0x0000000100000000)
  region size 1024K, 33 young (33792K), 9 survivors (9216K)
 Metaspace       used 20569K, capacity 21127K, committed 21296K, reserved 1069056K
  class space    used 2497K, capacity 2688K, committed 2688K, reserved 1048576K
}
Event: 3.294 GC heap after
{Heap after GC invocations=3 (full 0):
 garbage-first heap   total 114688K, used 16619K [0x00000000a0000000, 0x0000000100000000)
  region size 1024K, 1 young (1024K), 1 survivors (1024K)
 Metaspace       used 20569K, capacity 21127K, committed 21296K, reserved 1069056K
  class space    used 2497K, capacity 2688K, committed 2688K, reserved 1048576K
}
Event: 3.993 GC heap before
{Heap before GC invocations=4 (full 0):
 garbage-first heap   total 114688K, used 60651K [0x00000000a0000000, 0x0000000100000000)
  region size 1024K, 44 young (45056K), 1 survivors (1024K)
 Metaspace       used 25262K, capacity 25882K, committed 26032K, reserved 1071104K
  class space    used 3286K, capacity 3491K, committed 3584K, reserved 1048576K
}
Event: 3.998 GC heap after
{Heap after GC invocations=5 (full 0):
 garbage-first heap   total 114688K, used 18146K [0x00000000a0000000, 0x0000000100000000)
  region size 1024K, 3 young (3072K), 3 survivors (3072K)
 Metaspace       used 25262K, capacity 25882K, committed 26032K, reserved 1071104K
  class space    used 3286K, capacity 3491K, committed 3584K, reserved 1048576K
}
Event: 4.835 GC heap before
{Heap before GC invocations=5 (full 0):
 garbage-first heap   total 114688K, used 74466K [0x00000000a0000000, 0x0000000100000000)
  region size 1024K, 49 young (50176K), 3 survivors (3072K)
 Metaspace       used 29763K, capacity 30561K, committed 30640K, reserved 1075200K
  class space    used 3993K, capacity 4275K, committed 4352K, reserved 1048576K
}
Event: 4.841 GC heap after
{Heap after GC invocations=6 (full 0):
 garbage-first heap   total 114688K, used 30421K [0x00000000a0000000, 0x0000000100000000)
  region size 1024K, 6 young (6144K), 6 survivors (6144K)
 Metaspace       used 29763K, capacity 30561K, committed 30640K, reserved 1075200K
  class space    used 3993K, capacity 4275K, committed 4352K, reserved 1048576K
}
Event: 5.235 GC heap before
{Heap before GC invocations=6 (full 0):
 garbage-first heap   total 114688K, used 47829K [0x00000000a0000000, 0x0000000100000000)
  region size 1024K, 24 young (24576K), 6 survivors (6144K)
 Metaspace       used 34907K, capacity 35656K, committed 35708K, reserved 1081344K
  class space    used 4556K, capacity 4846K, committed 4864K, reserved 1048576K
}
Event: 5.248 GC heap after
{Heap after GC invocations=7 (full 0):
 garbage-first heap   total 114688K, used 32997K [0x00000000a0000000, 0x0000000100000000)
  region size 1024K, 6 young (6144K), 6 survivors (6144K)
 Metaspace       used 34907K, capacity 35656K, committed 35708K, reserved 1081344K
  class space    used 4556K, capacity 4846K, committed 4864K, reserved 1048576K
}
Event: 6.007 GC heap before
{Heap before GC invocations=8 (full 0):
 garbage-first heap   total 114688K, used 79077K [0x00000000a0000000, 0x0000000100000000)
  region size 1024K, 48 young (49152K), 6 survivors (6144K)
 Metaspace       used 40271K, capacity 41163K, committed 41416K, reserved 1085440K
  class space    used 5124K, capacity 5484K, committed 5504K, reserved 1048576K
}
Event: 6.016 GC heap after
{Heap after GC invocations=9 (full 0):
 garbage-first heap   total 114688K, used 35159K [0x00000000a0000000, 0x0000000100000000)
  region size 1024K, 5 young (5120K), 5 survivors (5120K)
 Metaspace       used 40271K, capacity 41163K, committed 41416K, reserved 1085440K
  class space    used 5124K, capacity 5484K, committed 5504K, reserved 1048576K
}
Event: 6.591 GC heap before
{Heap before GC invocations=9 (full 0):
 garbage-first heap   total 114688K, used 79191K [0x00000000a0000000, 0x0000000100000000)
  region size 1024K, 48 young (49152K), 5 survivors (5120K)
 Metaspace       used 43021K, capacity 44020K, committed 44232K, reserved 1087488K
  class space    used 5548K, capacity 5912K, committed 6016K, reserved 1048576K
}

