# JRE version: OpenJDK Runtime Environment (11.0.11+9) (build 11.0.11+9-b60-7590822)
# Java VM: OpenJDK 64-Bit Server VM (11.0.11+9-b60-7590822, mixed mode, tiered, compressed oops, g1 gc, windows-amd64)
Heap:
 garbage-first heap   total 232448K, used 103188K [0x00000000a0000000, 0x0000000100000000)
  region size 1024K, 7 young (7168K), 2 survivors (2048K)
 Metaspace       used 121920K, capacity 126558K, committed 126920K, reserved 1159168K
  class space    used 14809K, capacity 16394K, committed 16512K, reserved 1048576K
GC Heap History (20 events):
Event: 2376.692 GC heap before
{Heap before GC invocations=343 (full 0):
 garbage-first heap   total 232448K, used 128890K [0x00000000a0000000, 0x0000000100000000)
  region size 1024K, 11 young (11264K), 4 survivors (4096K)
 Metaspace       used 121773K, capacity 126358K, committed 126664K, reserved 1159168K
  class space    used 14809K, capacity 16394K, committed 16512K, reserved 1048576K
}
Event: 2376.712 GC heap after
{Heap after GC invocations=344 (full 0):
 garbage-first heap   total 232448K, used 107916K [0x00000000a0000000, 0x0000000100000000)
  region size 1024K, 2 young (2048K), 2 survivors (2048K)
 Metaspace       used 121773K, capacity 126358K, committed 126664K, reserved 1159168K
  class space    used 14809K, capacity 16394K, committed 16512K, reserved 1048576K
}
Event: 2376.901 GC heap before
{Heap before GC invocations=344 (full 0):
 garbage-first heap   total 232448K, used 133516K [0x00000000a0000000, 0x0000000100000000)
  region size 1024K, 29 young (29696K), 2 survivors (2048K)
 Metaspace       used 121786K, capacity 126359K, committed 126664K, reserved 1159168K
  class space    used 14809K, capacity 16394K, committed 16512K, reserved 1048576K
}
Event: 2376.912 GC heap after
{Heap after GC invocations=345 (full 0):
 garbage-first heap   total 232448K, used 109919K [0x00000000a0000000, 0x0000000100000000)
  region size 1024K, 4 young (4096K), 4 survivors (4096K)
 Metaspace       used 121786K, capacity 126359K, committed 126664K, reserved 1159168K
  class space    used 14809K, capacity 16394K, committed 16512K, reserved 1048576K
}
Event: 2378.438 GC heap before
{Heap before GC invocations=346 (full 0):
 garbage-first heap   total 232448K, used 186719K [0x00000000a0000000, 0x0000000100000000)
  region size 1024K, 73 young (74752K), 4 survivors (4096K)
 Metaspace       used 121795K, capacity 126360K, committed 126664K, reserved 1159168K
  class space    used 14809K, capacity 16394K, committed 16512K, reserved 1048576K
}
Event: 2378.445 GC heap after
{Heap after GC invocations=347 (full 0):
 garbage-first heap   total 232448K, used 110464K [0x00000000a0000000, 0x0000000100000000)
  region size 1024K, 6 young (6144K), 6 survivors (6144K)
 Metaspace       used 121795K, capacity 126360K, committed 126664K, reserved 1159168K
  class space    used 14809K, capacity 16394K, committed 16512K, reserved 1048576K
}
Event: 2378.477 GC heap before
{Heap before GC invocations=347 (full 0):
 garbage-first heap   total 232448K, used 115584K [0x00000000a0000000, 0x0000000100000000)
  region size 1024K, 11 young (11264K), 6 survivors (6144K)
 Metaspace       used 121795K, capacity 126360K, committed 126664K, reserved 1159168K
  class space    used 14809K, capacity 16394K, committed 16512K, reserved 1048576K
}
Event: 2378.485 GC heap after
{Heap after GC invocations=348 (full 0):
 garbage-first heap   total 232448K, used 97447K [0x00000000a0000000, 0x0000000100000000)
  region size 1024K, 2 young (2048K), 2 survivors (2048K)
 Metaspace       used 121795K, capacity 126360K, committed 126664K, reserved 1159168K
  class space    used 14809K, capacity 16394K, committed 16512K, reserved 1048576K
}
Event: 2439.317 GC heap before
{Heap before GC invocations=348 (full 0):
 garbage-first heap   total 232448K, used 165031K [0x00000000a0000000, 0x0000000100000000)
  region size 1024K, 70 young (71680K), 2 survivors (2048K)
 Metaspace       used 121823K, capacity 126424K, committed 126664K, reserved 1159168K
  class space    used 14809K, capacity 16394K, committed 16512K, reserved 1048576K
}
Event: 2439.334 GC heap after
{Heap after GC invocations=349 (full 0):
 garbage-first heap   total 232448K, used 101899K [0x00000000a0000000, 0x0000000100000000)
  region size 1024K, 6 young (6144K), 6 survivors (6144K)
 Metaspace       used 121823K, capacity 126424K, committed 126664K, reserved 1159168K
  class space    used 14809K, capacity 16394K, committed 16512K, reserved 1048576K
}
Event: 2440.571 GC heap before
{Heap before GC invocations=350 (full 0):
 garbage-first heap   total 232448K, used 192011K [0x00000000a0000000, 0x0000000100000000)
  region size 1024K, 84 young (86016K), 6 survivors (6144K)
 Metaspace       used 121844K, capacity 126426K, committed 126664K, reserved 1159168K
  class space    used 14809K, capacity 16394K, committed 16512K, reserved 1048576K
}
Event: 2440.576 GC heap after
{Heap after GC invocations=351 (full 0):
 garbage-first heap   total 232448K, used 101482K [0x00000000a0000000, 0x0000000100000000)
  region size 1024K, 4 young (4096K), 4 survivors (4096K)
 Metaspace       used 121844K, capacity 126426K, committed 126664K, reserved 1159168K
  class space    used 14809K, capacity 16394K, committed 16512K, reserved 1048576K
}
Event: 2440.594 GC heap before
{Heap before GC invocations=351 (full 0):
 garbage-first heap   total 232448K, used 108650K [0x00000000a0000000, 0x0000000100000000)
  region size 1024K, 11 young (11264K), 4 survivors (4096K)
 Metaspace       used 121845K, capacity 126426K, committed 126664K, reserved 1159168K
  class space    used 14809K, capacity 16394K, committed 16512K, reserved 1048576K
}
Event: 2440.598 GC heap after
{Heap after GC invocations=352 (full 0):
 garbage-first heap   total 232448K, used 98704K [0x00000000a0000000, 0x0000000100000000)
  region size 1024K, 2 young (2048K), 2 survivors (2048K)
 Metaspace       used 121845K, capacity 126426K, committed 126664K, reserved 1159168K
  class space    used 14809K, capacity 16394K, committed 16512K, reserved 1048576K
}
Event: 2441.082 GC heap before
{Heap before GC invocations=352 (full 0):
 garbage-first heap   total 232448K, used 185744K [0x00000000a0000000, 0x0000000100000000)
  region size 1024K, 88 young (90112K), 2 survivors (2048K)
 Metaspace       used 121861K, capacity 126491K, committed 126664K, reserved 1159168K
  class space    used 14809K, capacity 16394K, committed 16512K, reserved 1048576K
}
Event: 2441.101 GC heap after
{Heap after GC invocations=353 (full 0):
 garbage-first heap   total 232448K, used 107790K [0x00000000a0000000, 0x0000000100000000)
  region size 1024K, 11 young (11264K), 11 survivors (11264K)
 Metaspace       used 121861K, capacity 126491K, committed 126664K, reserved 1159168K
  class space    used 14809K, capacity 16394K, committed 16512K, reserved 1048576K
}
Event: 2713.647 GC heap before
{Heap before GC invocations=354 (full 0):
 garbage-first heap   total 232448K, used 190734K [0x00000000a0000000, 0x0000000100000000)
  region size 1024K, 86 young (88064K), 11 survivors (11264K)
 Metaspace       used 121909K, capacity 126494K, committed 126664K, reserved 1159168K
  class space    used 14809K, capacity 16394K, committed 16512K, reserved 1048576K
}
Event: 2713.651 GC heap after
{Heap after GC invocations=355 (full 0):
 garbage-first heap   total 232448K, used 99935K [0x00000000a0000000, 0x0000000100000000)
  region size 1024K, 2 young (2048K), 2 survivors (2048K)
 Metaspace       used 121909K, capacity 126494K, committed 126664K, reserved 1159168K
  class space    used 14809K, capacity 16394K, committed 16512K, reserved 1048576K
}
Event: 2713.727 GC heap before
{Heap before GC invocations=355 (full 0):
 garbage-first heap   total 232448K, used 108127K [0x00000000a0000000, 0x0000000100000000)
  region size 1024K, 11 young (11264K), 2 survivors (2048K)
 Metaspace       used 121920K, capacity 126558K, committed 126920K, reserved 1159168K
  class space    used 14809K, capacity 16394K, committed 16512K, reserved 1048576K
}
Event: 2713.732 GC heap after
{Heap after GC invocations=356 (full 0):
 garbage-first heap   total 232448K, used 99092K [0x00000000a0000000, 0x0000000100000000)
  region size 1024K, 2 young (2048K), 2 survivors (2048K)
 Metaspace       used 121920K, capacity 126558K, committed 126920K, reserved 1159168K
  class space    used 14809K, capacity 16394K, committed 16512K, reserved 1048576K
}

