# JRE version: OpenJDK Runtime Environment (11.0.11+9) (build 11.0.11+9-b60-7590822)
# Java VM: OpenJDK 64-Bit Server VM (11.0.11+9-b60-7590822, mixed mode, tiered, compressed oops, g1 gc, windows-amd64)
Heap:
 garbage-first heap   total 263168K, used 134452K [0x0000000091000000, 0x0000000100000000)
  region size 1024K, 4 young (4096K), 4 survivors (4096K)
 Metaspace       used 64833K, capacity 65875K, committed 66128K, reserved 1107968K
  class space    used 7223K, capacity 7576K, committed 7680K, reserved 1048576K
GC Heap History (20 events):
Event: 21.929 GC heap after
{Heap after GC invocations=30 (full 0):
 garbage-first heap   total 182272K, used 113840K [0x0000000091000000, 0x0000000100000000)
  region size 1024K, 5 young (5120K), 5 survivors (5120K)
 Metaspace       used 64147K, capacity 65169K, committed 65232K, reserved 1107968K
  class space    used 7187K, capacity 7536K, committed 7552K, reserved 1048576K
}
Event: 22.558 GC heap before
{Heap before GC invocations=31 (full 0):
 garbage-first heap   total 182272K, used 155824K [0x0000000091000000, 0x0000000100000000)
  region size 1024K, 46 young (47104K), 5 survivors (5120K)
 Metaspace       used 64171K, capacity 65239K, committed 65488K, reserved 1107968K
  class space    used 7188K, capacity 7537K, committed 7552K, reserved 1048576K
}
Event: 22.570 GC heap after
{Heap after GC invocations=32 (full 0):
 garbage-first heap   total 182272K, used 116227K [0x0000000091000000, 0x0000000100000000)
  region size 1024K, 5 young (5120K), 5 survivors (5120K)
 Metaspace       used 64171K, capacity 65239K, committed 65488K, reserved 1107968K
  class space    used 7188K, capacity 7537K, committed 7552K, reserved 1048576K
}
Event: 23.018 GC heap before
{Heap before GC invocations=32 (full 0):
 garbage-first heap   total 182272K, used 157187K [0x0000000091000000, 0x0000000100000000)
  region size 1024K, 45 young (46080K), 5 survivors (5120K)
 Metaspace       used 64186K, capacity 65239K, committed 65488K, reserved 1107968K
  class space    used 7188K, capacity 7537K, committed 7552K, reserved 1048576K
}
Event: 23.032 GC heap after
{Heap after GC invocations=33 (full 0):
 garbage-first heap   total 182272K, used 117861K [0x0000000091000000, 0x0000000100000000)
  region size 1024K, 4 young (4096K), 4 survivors (4096K)
 Metaspace       used 64186K, capacity 65239K, committed 65488K, reserved 1107968K
  class space    used 7188K, capacity 7537K, committed 7552K, reserved 1048576K
}
Event: 23.530 GC heap before
{Heap before GC invocations=34 (full 0):
 garbage-first heap   total 182272K, used 156773K [0x0000000091000000, 0x0000000100000000)
  region size 1024K, 42 young (43008K), 4 survivors (4096K)
 Metaspace       used 64204K, capacity 65239K, committed 65488K, reserved 1107968K
  class space    used 7188K, capacity 7537K, committed 7552K, reserved 1048576K
}
Event: 23.540 GC heap after
{Heap after GC invocations=35 (full 0):
 garbage-first heap   total 182272K, used 120001K [0x0000000091000000, 0x0000000100000000)
  region size 1024K, 4 young (4096K), 4 survivors (4096K)
 Metaspace       used 64204K, capacity 65239K, committed 65488K, reserved 1107968K
  class space    used 7188K, capacity 7537K, committed 7552K, reserved 1048576K
}
Event: 24.020 GC heap before
{Heap before GC invocations=35 (full 0):
 garbage-first heap   total 182272K, used 156865K [0x0000000091000000, 0x0000000100000000)
  region size 1024K, 40 young (40960K), 4 survivors (4096K)
 Metaspace       used 64257K, capacity 65313K, committed 65488K, reserved 1107968K
  class space    used 7190K, capacity 7540K, committed 7552K, reserved 1048576K
}
Event: 24.033 GC heap after
{Heap after GC invocations=36 (full 0):
 garbage-first heap   total 182272K, used 121597K [0x0000000091000000, 0x0000000100000000)
  region size 1024K, 4 young (4096K), 4 survivors (4096K)
 Metaspace       used 64257K, capacity 65313K, committed 65488K, reserved 1107968K
  class space    used 7190K, capacity 7540K, committed 7552K, reserved 1048576K
}
Event: 24.536 GC heap before
{Heap before GC invocations=37 (full 0):
 garbage-first heap   total 182272K, used 157437K [0x0000000091000000, 0x0000000100000000)
  region size 1024K, 39 young (39936K), 4 survivors (4096K)
 Metaspace       used 64274K, capacity 65313K, committed 65488K, reserved 1107968K
  class space    used 7191K, capacity 7540K, committed 7552K, reserved 1048576K
}
Event: 24.546 GC heap after
{Heap after GC invocations=38 (full 0):
 garbage-first heap   total 219136K, used 123031K [0x0000000091000000, 0x0000000100000000)
  region size 1024K, 4 young (4096K), 4 survivors (4096K)
 Metaspace       used 64274K, capacity 65313K, committed 65488K, reserved 1107968K
  class space    used 7191K, capacity 7540K, committed 7552K, reserved 1048576K
}
Event: 25.024 GC heap before
{Heap before GC invocations=38 (full 0):
 garbage-first heap   total 219136K, used 174231K [0x0000000091000000, 0x0000000100000000)
  region size 1024K, 54 young (55296K), 4 survivors (4096K)
 Metaspace       used 64295K, capacity 65313K, committed 65488K, reserved 1107968K
  class space    used 7191K, capacity 7540K, committed 7552K, reserved 1048576K
}
Event: 25.047 GC heap after
{Heap after GC invocations=39 (full 0):
 garbage-first heap   total 219136K, used 125406K [0x0000000091000000, 0x0000000100000000)
  region size 1024K, 6 young (6144K), 6 survivors (6144K)
 Metaspace       used 64295K, capacity 65313K, committed 65488K, reserved 1107968K
  class space    used 7191K, capacity 7540K, committed 7552K, reserved 1048576K
}
Event: 25.978 GC heap before
{Heap before GC invocations=40 (full 0):
 garbage-first heap   total 219136K, used 177630K [0x0000000091000000, 0x0000000100000000)
  region size 1024K, 57 young (58368K), 6 survivors (6144K)
 Metaspace       used 64327K, capacity 65390K, committed 65488K, reserved 1107968K
  class space    used 7193K, capacity 7542K, committed 7552K, reserved 1048576K
}
Event: 25.994 GC heap after
{Heap after GC invocations=41 (full 0):
 garbage-first heap   total 219136K, used 128201K [0x0000000091000000, 0x0000000100000000)
  region size 1024K, 7 young (7168K), 7 survivors (7168K)
 Metaspace       used 64327K, capacity 65390K, committed 65488K, reserved 1107968K
  class space    used 7193K, capacity 7542K, committed 7552K, reserved 1048576K
}
Event: 26.578 GC heap before
{Heap before GC invocations=41 (full 0):
 garbage-first heap   total 219136K, used 180425K [0x0000000091000000, 0x0000000100000000)
  region size 1024K, 58 young (59392K), 7 survivors (7168K)
 Metaspace       used 64343K, capacity 65390K, committed 65488K, reserved 1107968K
  class space    used 7193K, capacity 7542K, committed 7552K, reserved 1048576K
}
Event: 26.593 GC heap after
{Heap after GC invocations=42 (full 0):
 garbage-first heap   total 219136K, used 131001K [0x0000000091000000, 0x0000000100000000)
  region size 1024K, 6 young (6144K), 6 survivors (6144K)
 Metaspace       used 64343K, capacity 65390K, committed 65488K, reserved 1107968K
  class space    used 7193K, capacity 7542K, committed 7552K, reserved 1048576K
}
Event: 27.143 GC heap before
{Heap before GC invocations=43 (full 0):
 garbage-first heap   total 219136K, used 182201K [0x0000000091000000, 0x0000000100000000)
  region size 1024K, 56 young (57344K), 6 survivors (6144K)
 Metaspace       used 64761K, capacity 65811K, committed 66128K, reserved 1107968K
  class space    used 7219K, capacity 7576K, committed 7680K, reserved 1048576K
}
Event: 27.157 GC heap after
{Heap after GC invocations=44 (full 0):
 garbage-first heap   total 219136K, used 132746K [0x0000000091000000, 0x0000000100000000)
  region size 1024K, 5 young (5120K), 5 survivors (5120K)
 Metaspace       used 64761K, capacity 65811K, committed 66128K, reserved 1107968K
  class space    used 7219K, capacity 7576K, committed 7680K, reserved 1048576K
}
Event: 27.543 GC heap before
{Heap before GC invocations=44 (full 0):
 garbage-first heap   total 219136K, used 183946K [0x0000000091000000, 0x0000000100000000)
  region size 1024K, 55 young (56320K), 5 survivors (5120K)
 Metaspace       used 64833K, capacity 65875K, committed 66128K, reserved 1107968K
  class space    used 7223K, capacity 7576K, committed 7680K, reserved 1048576K
}

