# JRE version: OpenJDK Runtime Environment (11.0.11+9) (build 11.0.11+9-b60-7590822)
# Java VM: OpenJDK 64-Bit Server VM (11.0.11+9-b60-7590822, mixed mode, tiered, compressed oops, g1 gc, windows-amd64)
Heap:
 garbage-first heap   total 239616K, used 108723K [0x00000000a0000000, 0x0000000100000000)
  region size 1024K, 13 young (13312K), 4 survivors (4096K)
 Metaspace       used 122829K, capacity 127464K, committed 127816K, reserved 1161216K
  class space    used 14900K, capacity 16480K, committed 16640K, reserved 1048576K
GC Heap History (20 events):
Event: 8378.558 GC heap before
{Heap before GC invocations=210 (full 0):
 garbage-first heap   total 239616K, used 189548K [0x00000000a0000000, 0x0000000100000000)
  region size 1024K, 90 young (92160K), 2 survivors (2048K)
 Metaspace       used 122607K, capacity 127265K, committed 127560K, reserved 1161216K
  class space    used 14898K, capacity 16480K, committed 16640K, reserved 1048576K
}
Event: 8378.571 GC heap after
{Heap after GC invocations=211 (full 0):
 garbage-first heap   total 239616K, used 102244K [0x00000000a0000000, 0x0000000100000000)
  region size 1024K, 4 young (4096K), 4 survivors (4096K)
 Metaspace       used 122607K, capacity 127265K, committed 127560K, reserved 1161216K
  class space    used 14898K, capacity 16480K, committed 16640K, reserved 1048576K
}
Event: 8394.668 GC heap before
{Heap before GC invocations=212 (full 0):
 garbage-first heap   total 239616K, used 192356K [0x00000000a0000000, 0x0000000100000000)
  region size 1024K, 93 young (95232K), 4 survivors (4096K)
 Metaspace       used 122631K, capacity 127265K, committed 127560K, reserved 1161216K
  class space    used 14898K, capacity 16480K, committed 16640K, reserved 1048576K
}
Event: 8394.682 GC heap after
{Heap after GC invocations=213 (full 0):
 garbage-first heap   total 239616K, used 106727K [0x00000000a0000000, 0x0000000100000000)
  region size 1024K, 8 young (8192K), 8 survivors (8192K)
 Metaspace       used 122631K, capacity 127265K, committed 127560K, reserved 1161216K
  class space    used 14898K, capacity 16480K, committed 16640K, reserved 1048576K
}
Event: 8447.963 GC heap before
{Heap before GC invocations=213 (full 0):
 garbage-first heap   total 239616K, used 108775K [0x00000000a0000000, 0x0000000100000000)
  region size 1024K, 11 young (11264K), 8 survivors (8192K)
 Metaspace       used 122632K, capacity 127265K, committed 127560K, reserved 1161216K
  class space    used 14898K, capacity 16480K, committed 16640K, reserved 1048576K
}
Event: 8447.980 GC heap after
{Heap after GC invocations=214 (full 0):
 garbage-first heap   total 239616K, used 104659K [0x00000000a0000000, 0x0000000100000000)
  region size 1024K, 1 young (1024K), 1 survivors (1024K)
 Metaspace       used 122632K, capacity 127265K, committed 127560K, reserved 1161216K
  class space    used 14898K, capacity 16480K, committed 16640K, reserved 1048576K
}
Event: 8475.889 GC heap before
{Heap before GC invocations=214 (full 0):
 garbage-first heap   total 239616K, used 193747K [0x00000000a0000000, 0x0000000100000000)
  region size 1024K, 89 young (91136K), 1 survivors (1024K)
 Metaspace       used 122655K, capacity 127265K, committed 127560K, reserved 1161216K
  class space    used 14900K, capacity 16480K, committed 16640K, reserved 1048576K
}
Event: 8475.909 GC heap after
{Heap after GC invocations=215 (full 0):
 garbage-first heap   total 239616K, used 110060K [0x00000000a0000000, 0x0000000100000000)
  region size 1024K, 7 young (7168K), 7 survivors (7168K)
 Metaspace       used 122655K, capacity 127265K, committed 127560K, reserved 1161216K
  class space    used 14900K, capacity 16480K, committed 16640K, reserved 1048576K
}
Event: 8489.862 GC heap before
{Heap before GC invocations=216 (full 0):
 garbage-first heap   total 239616K, used 195052K [0x00000000a0000000, 0x0000000100000000)
  region size 1024K, 91 young (93184K), 7 survivors (7168K)
 Metaspace       used 122708K, capacity 127394K, committed 127560K, reserved 1161216K
  class space    used 14900K, capacity 16480K, committed 16640K, reserved 1048576K
}
Event: 8489.870 GC heap after
{Heap after GC invocations=217 (full 0):
 garbage-first heap   total 239616K, used 109656K [0x00000000a0000000, 0x0000000100000000)
  region size 1024K, 6 young (6144K), 6 survivors (6144K)
 Metaspace       used 122708K, capacity 127394K, committed 127560K, reserved 1161216K
  class space    used 14900K, capacity 16480K, committed 16640K, reserved 1048576K
}
Event: 8489.881 GC heap before
{Heap before GC invocations=217 (full 0):
 garbage-first heap   total 239616K, used 113752K [0x00000000a0000000, 0x0000000100000000)
  region size 1024K, 11 young (11264K), 6 survivors (6144K)
 Metaspace       used 122708K, capacity 127394K, committed 127560K, reserved 1161216K
  class space    used 14900K, capacity 16480K, committed 16640K, reserved 1048576K
}
Event: 8489.897 GC heap after
{Heap after GC invocations=218 (full 0):
 garbage-first heap   total 239616K, used 99027K [0x00000000a0000000, 0x0000000100000000)
  region size 1024K, 1 young (1024K), 1 survivors (1024K)
 Metaspace       used 122708K, capacity 127394K, committed 127560K, reserved 1161216K
  class space    used 14900K, capacity 16480K, committed 16640K, reserved 1048576K
}
Event: 8528.493 GC heap before
{Heap before GC invocations=218 (full 0):
 garbage-first heap   total 239616K, used 193235K [0x00000000a0000000, 0x0000000100000000)
  region size 1024K, 94 young (96256K), 1 survivors (1024K)
 Metaspace       used 122742K, capacity 127458K, committed 127816K, reserved 1161216K
  class space    used 14900K, capacity 16480K, committed 16640K, reserved 1048576K
}
Event: 8528.509 GC heap after
{Heap after GC invocations=219 (full 0):
 garbage-first heap   total 239616K, used 104104K [0x00000000a0000000, 0x0000000100000000)
  region size 1024K, 6 young (6144K), 6 survivors (6144K)
 Metaspace       used 122742K, capacity 127458K, committed 127816K, reserved 1161216K
  class space    used 14900K, capacity 16480K, committed 16640K, reserved 1048576K
}
Event: 8556.437 GC heap before
{Heap before GC invocations=220 (full 0):
 garbage-first heap   total 239616K, used 192168K [0x00000000a0000000, 0x0000000100000000)
  region size 1024K, 95 young (97280K), 6 survivors (6144K)
 Metaspace       used 122797K, capacity 127464K, committed 127816K, reserved 1161216K
  class space    used 14900K, capacity 16480K, committed 16640K, reserved 1048576K
}
Event: 8556.444 GC heap after
{Heap after GC invocations=221 (full 0):
 garbage-first heap   total 239616K, used 101411K [0x00000000a0000000, 0x0000000100000000)
  region size 1024K, 6 young (6144K), 6 survivors (6144K)
 Metaspace       used 122797K, capacity 127464K, committed 127816K, reserved 1161216K
  class space    used 14900K, capacity 16480K, committed 16640K, reserved 1048576K
}
Event: 8556.479 GC heap before
{Heap before GC invocations=221 (full 0):
 garbage-first heap   total 239616K, used 106531K [0x00000000a0000000, 0x0000000100000000)
  region size 1024K, 11 young (11264K), 6 survivors (6144K)
 Metaspace       used 122799K, capacity 127464K, committed 127816K, reserved 1161216K
  class space    used 14900K, capacity 16480K, committed 16640K, reserved 1048576K
}
Event: 8556.489 GC heap after
{Heap after GC invocations=222 (full 0):
 garbage-first heap   total 239616K, used 99188K [0x00000000a0000000, 0x0000000100000000)
  region size 1024K, 2 young (2048K), 2 survivors (2048K)
 Metaspace       used 122799K, capacity 127464K, committed 127816K, reserved 1161216K
  class space    used 14900K, capacity 16480K, committed 16640K, reserved 1048576K
}
Event: 8575.958 GC heap before
{Heap before GC invocations=222 (full 0):
 garbage-first heap   total 239616K, used 193396K [0x00000000a0000000, 0x0000000100000000)
  region size 1024K, 95 young (97280K), 2 survivors (2048K)
 Metaspace       used 122825K, capacity 127464K, committed 127816K, reserved 1161216K
  class space    used 14900K, capacity 16480K, committed 16640K, reserved 1048576K
}
Event: 8575.972 GC heap after
{Heap after GC invocations=223 (full 0):
 garbage-first heap   total 239616K, used 101555K [0x00000000a0000000, 0x0000000100000000)
  region size 1024K, 4 young (4096K), 4 survivors (4096K)
 Metaspace       used 122825K, capacity 127464K, committed 127816K, reserved 1161216K
  class space    used 14900K, capacity 16480K, committed 16640K, reserved 1048576K
}

