# JRE version: OpenJDK Runtime Environment (11.0.11+9) (build 11.0.11+9-b60-7590822)
# Java VM: OpenJDK 64-Bit Server VM (11.0.11+9-b60-7590822, mixed mode, tiered, compressed oops, g1 gc, windows-amd64)
Heap:
 garbage-first heap   total 138240K, used 36771K [0x00000000a0000000, 0x0000000100000000)
  region size 1024K, 5 young (5120K), 5 survivors (5120K)
 Metaspace       used 42463K, capacity 43500K, committed 43592K, reserved 1087488K
  class space    used 5466K, capacity 5841K, committed 5888K, reserved 1048576K
GC Heap History (15 events):
Event: 1.019 GC heap before
{Heap before GC invocations=0 (full 0):
 garbage-first heap   total 114688K, used 29696K [0x00000000a0000000, 0x0000000100000000)
  region size 1024K, 24 young (24576K), 0 survivors (0K)
 Metaspace       used 10084K, capacity 10228K, committed 10368K, reserved 1058816K
  class space    used 1042K, capacity 1092K, committed 1152K, reserved 1048576K
}
Event: 1.028 GC heap after
{Heap after GC invocations=1 (full 0):
 garbage-first heap   total 114688K, used 8580K [0x00000000a0000000, 0x0000000100000000)
  region size 1024K, 3 young (3072K), 3 survivors (3072K)
 Metaspace       used 10084K, capacity 10228K, committed 10368K, reserved 1058816K
  class space    used 1042K, capacity 1092K, committed 1152K, reserved 1048576K
}
Event: 2.996 GC heap before
{Heap before GC invocations=1 (full 0):
 garbage-first heap   total 114688K, used 73092K [0x00000000a0000000, 0x0000000100000000)
  region size 1024K, 67 young (68608K), 3 survivors (3072K)
 Metaspace       used 17550K, capacity 17971K, committed 18176K, reserved 1064960K
  class space    used 2047K, capacity 2206K, committed 2304K, reserved 1048576K
}
Event: 3.006 GC heap after
{Heap after GC invocations=2 (full 0):
 garbage-first heap   total 114688K, used 15124K [0x00000000a0000000, 0x0000000100000000)
  region size 1024K, 9 young (9216K), 9 survivors (9216K)
 Metaspace       used 17550K, capacity 17971K, committed 18176K, reserved 1064960K
  class space    used 2047K, capacity 2206K, committed 2304K, reserved 1048576K
}
Event: 3.349 GC heap before
{Heap before GC invocations=2 (full 0):
 garbage-first heap   total 114688K, used 37652K [0x00000000a0000000, 0x0000000100000000)
  region size 1024K, 33 young (33792K), 9 survivors (9216K)
 Metaspace       used 20563K, capacity 21127K, committed 21296K, reserved 1069056K
  class space    used 2498K, capacity 2688K, committed 2688K, reserved 1048576K
}
Event: 3.359 GC heap after
{Heap after GC invocations=3 (full 0):
 garbage-first heap   total 114688K, used 16286K [0x00000000a0000000, 0x0000000100000000)
  region size 1024K, 1 young (1024K), 1 survivors (1024K)
 Metaspace       used 20563K, capacity 21127K, committed 21296K, reserved 1069056K
  class space    used 2498K, capacity 2688K, committed 2688K, reserved 1048576K
}
Event: 4.025 GC heap before
{Heap before GC invocations=4 (full 0):
 garbage-first heap   total 114688K, used 59294K [0x00000000a0000000, 0x0000000100000000)
  region size 1024K, 44 young (45056K), 1 survivors (1024K)
 Metaspace       used 25247K, capacity 25882K, committed 26032K, reserved 1071104K
  class space    used 3282K, capacity 3491K, committed 3584K, reserved 1048576K
}
Event: 4.029 GC heap after
{Heap after GC invocations=5 (full 0):
 garbage-first heap   total 114688K, used 17944K [0x00000000a0000000, 0x0000000100000000)
  region size 1024K, 3 young (3072K), 3 survivors (3072K)
 Metaspace       used 25247K, capacity 25882K, committed 26032K, reserved 1071104K
  class space    used 3282K, capacity 3491K, committed 3584K, reserved 1048576K
}
Event: 4.860 GC heap before
{Heap before GC invocations=5 (full 0):
 garbage-first heap   total 114688K, used 73240K [0x00000000a0000000, 0x0000000100000000)
  region size 1024K, 49 young (50176K), 3 survivors (3072K)
 Metaspace       used 29734K, capacity 30557K, committed 30640K, reserved 1075200K
  class space    used 3989K, capacity 4274K, committed 4352K, reserved 1048576K
}
Event: 4.866 GC heap after
{Heap after GC invocations=6 (full 0):
 garbage-first heap   total 114688K, used 30466K [0x00000000a0000000, 0x0000000100000000)
  region size 1024K, 6 young (6144K), 6 survivors (6144K)
 Metaspace       used 29734K, capacity 30557K, committed 30640K, reserved 1075200K
  class space    used 3989K, capacity 4274K, committed 4352K, reserved 1048576K
}
Event: 5.302 GC heap before
{Heap before GC invocations=6 (full 0):
 garbage-first heap   total 114688K, used 46850K [0x00000000a0000000, 0x0000000100000000)
  region size 1024K, 24 young (24576K), 6 survivors (6144K)
 Metaspace       used 34890K, capacity 35656K, committed 35708K, reserved 1081344K
  class space    used 4553K, capacity 4846K, committed 4864K, reserved 1048576K
}
Event: 5.314 GC heap after
{Heap after GC invocations=7 (full 0):
 garbage-first heap   total 114688K, used 32702K [0x00000000a0000000, 0x0000000100000000)
  region size 1024K, 6 young (6144K), 6 survivors (6144K)
 Metaspace       used 34890K, capacity 35656K, committed 35708K, reserved 1081344K
  class space    used 4553K, capacity 4846K, committed 4864K, reserved 1048576K
}
Event: 5.995 GC heap before
{Heap before GC invocations=8 (full 0):
 garbage-first heap   total 114688K, used 75710K [0x00000000a0000000, 0x0000000100000000)
  region size 1024K, 45 young (46080K), 6 survivors (6144K)
 Metaspace       used 39881K, capacity 40798K, committed 40904K, reserved 1085440K
  class space    used 5082K, capacity 5448K, committed 5504K, reserved 1048576K
}
Event: 6.007 GC heap after
{Heap after GC invocations=9 (full 0):
 garbage-first heap   total 114688K, used 34305K [0x00000000a0000000, 0x0000000100000000)
  region size 1024K, 5 young (5120K), 5 survivors (5120K)
 Metaspace       used 39881K, capacity 40798K, committed 40904K, reserved 1085440K
  class space    used 5082K, capacity 5448K, committed 5504K, reserved 1048576K
}
Event: 6.637 GC heap before
{Heap before GC invocations=9 (full 0):
 garbage-first heap   total 114688K, used 76289K [0x00000000a0000000, 0x0000000100000000)
  region size 1024K, 46 young (47104K), 5 survivors (5120K)
 Metaspace       used 42463K, capacity 43500K, committed 43592K, reserved 1087488K
  class space    used 5466K, capacity 5841K, committed 5888K, reserved 1048576K
}

