# JRE version: OpenJDK Runtime Environment (11.0.11+9) (build 11.0.11+9-b60-7590822)
# Java VM: OpenJDK 64-Bit Server VM (11.0.11+9-b60-7590822, mixed mode, tiered, compressed oops, g1 gc, windows-amd64)
Heap:
 garbage-first heap   total 138240K, used 112322K [0x00000000a0000000, 0x0000000100000000)
  region size 1024K, 17 young (17408K), 3 survivors (3072K)
 Metaspace       used 97961K, capacity 100836K, committed 101064K, reserved 1136640K
  class space    used 12580K, capacity 13630K, committed 13696K, reserved 1048576K
GC Heap History (20 events):
Event: 55.857 GC heap before
{Heap before GC invocations=37 (full 0):
 garbage-first heap   total 138240K, used 113827K [0x00000000a0000000, 0x0000000100000000)
  region size 1024K, 34 young (34816K), 5 survivors (5120K)
 Metaspace       used 88201K, capacity 90699K, committed 90824K, reserved 1128448K
  class space    used 11191K, capacity 12085K, committed 12160K, reserved 1048576K
}
Event: 55.869 GC heap after
{Heap after GC invocations=38 (full 0):
 garbage-first heap   total 138240K, used 86331K [0x00000000a0000000, 0x0000000100000000)
  region size 1024K, 2 young (2048K), 2 survivors (2048K)
 Metaspace       used 88201K, capacity 90699K, committed 90824K, reserved 1128448K
  class space    used 11191K, capacity 12085K, committed 12160K, reserved 1048576K
}
Event: 74.872 GC heap before
{Heap before GC invocations=38 (full 0):
 garbage-first heap   total 138240K, used 113979K [0x00000000a0000000, 0x0000000100000000)
  region size 1024K, 30 young (30720K), 2 survivors (2048K)
 Metaspace       used 88875K, capacity 91415K, committed 91720K, reserved 1128448K
  class space    used 11283K, capacity 12177K, committed 12288K, reserved 1048576K
}
Event: 74.878 GC heap after
{Heap after GC invocations=39 (full 0):
 garbage-first heap   total 138240K, used 87590K [0x00000000a0000000, 0x0000000100000000)
  region size 1024K, 3 young (3072K), 3 survivors (3072K)
 Metaspace       used 88875K, capacity 91415K, committed 91720K, reserved 1128448K
  class space    used 11283K, capacity 12177K, committed 12288K, reserved 1048576K
}
Event: 75.207 GC heap before
{Heap before GC invocations=40 (full 0):
 garbage-first heap   total 138240K, used 115238K [0x00000000a0000000, 0x0000000100000000)
  region size 1024K, 31 young (31744K), 3 survivors (3072K)
 Metaspace       used 88933K, capacity 91455K, committed 91720K, reserved 1128448K
  class space    used 11286K, capacity 12211K, committed 12288K, reserved 1048576K
}
Event: 75.213 GC heap after
{Heap after GC invocations=41 (full 0):
 garbage-first heap   total 138240K, used 88791K [0x00000000a0000000, 0x0000000100000000)
  region size 1024K, 3 young (3072K), 3 survivors (3072K)
 Metaspace       used 88933K, capacity 91455K, committed 91720K, reserved 1128448K
  class space    used 11286K, capacity 12211K, committed 12288K, reserved 1048576K
}
Event: 75.241 GC heap before
{Heap before GC invocations=41 (full 0):
 garbage-first heap   total 138240K, used 90839K [0x00000000a0000000, 0x0000000100000000)
  region size 1024K, 6 young (6144K), 3 survivors (3072K)
 Metaspace       used 89067K, capacity 91587K, committed 91720K, reserved 1128448K
  class space    used 11303K, capacity 12212K, committed 12288K, reserved 1048576K
}
Event: 75.247 GC heap after
{Heap after GC invocations=42 (full 0):
 garbage-first heap   total 138240K, used 86437K [0x00000000a0000000, 0x0000000100000000)
  region size 1024K, 1 young (1024K), 1 survivors (1024K)
 Metaspace       used 89067K, capacity 91587K, committed 91720K, reserved 1128448K
  class space    used 11303K, capacity 12212K, committed 12288K, reserved 1048576K
}
Event: 75.609 GC heap before
{Heap before GC invocations=42 (full 0):
 garbage-first heap   total 138240K, used 114085K [0x00000000a0000000, 0x0000000100000000)
  region size 1024K, 29 young (29696K), 1 survivors (1024K)
 Metaspace       used 89778K, capacity 92326K, committed 92616K, reserved 1130496K
  class space    used 11381K, capacity 12330K, committed 12416K, reserved 1048576K
}
Event: 75.615 GC heap after
{Heap after GC invocations=43 (full 0):
 garbage-first heap   total 138240K, used 88152K [0x00000000a0000000, 0x0000000100000000)
  region size 1024K, 3 young (3072K), 3 survivors (3072K)
 Metaspace       used 89778K, capacity 92326K, committed 92616K, reserved 1130496K
  class space    used 11381K, capacity 12330K, committed 12416K, reserved 1048576K
}
Event: 75.987 GC heap before
{Heap before GC invocations=44 (full 0):
 garbage-first heap   total 138240K, used 114776K [0x00000000a0000000, 0x0000000100000000)
  region size 1024K, 30 young (30720K), 3 survivors (3072K)
 Metaspace       used 90502K, capacity 93131K, committed 93256K, reserved 1130496K
  class space    used 11497K, capacity 12456K, committed 12544K, reserved 1048576K
}
Event: 75.990 GC heap after
{Heap after GC invocations=45 (full 0):
 garbage-first heap   total 138240K, used 89225K [0x00000000a0000000, 0x0000000100000000)
  region size 1024K, 3 young (3072K), 3 survivors (3072K)
 Metaspace       used 90502K, capacity 93131K, committed 93256K, reserved 1130496K
  class space    used 11497K, capacity 12456K, committed 12544K, reserved 1048576K
}
Event: 76.512 GC heap before
{Heap before GC invocations=45 (full 0):
 garbage-first heap   total 138240K, used 115849K [0x00000000a0000000, 0x0000000100000000)
  region size 1024K, 30 young (30720K), 3 survivors (3072K)
 Metaspace       used 96054K, capacity 98775K, committed 99016K, reserved 1134592K
  class space    used 12315K, capacity 13315K, committed 13440K, reserved 1048576K
}
Event: 76.521 GC heap after
{Heap after GC invocations=46 (full 0):
 garbage-first heap   total 138240K, used 90710K [0x00000000a0000000, 0x0000000100000000)
  region size 1024K, 3 young (3072K), 3 survivors (3072K)
 Metaspace       used 96054K, capacity 98775K, committed 99016K, reserved 1134592K
  class space    used 12315K, capacity 13315K, committed 13440K, reserved 1048576K
}
Event: 76.878 GC heap before
{Heap before GC invocations=47 (full 0):
 garbage-first heap   total 138240K, used 116310K [0x00000000a0000000, 0x0000000100000000)
  region size 1024K, 29 young (29696K), 3 survivors (3072K)
 Metaspace       used 97244K, capacity 100089K, committed 100168K, reserved 1136640K
  class space    used 12476K, capacity 13493K, committed 13568K, reserved 1048576K
}
Event: 76.883 GC heap after
{Heap after GC invocations=48 (full 0):
 garbage-first heap   total 138240K, used 94916K [0x00000000a0000000, 0x0000000100000000)
  region size 1024K, 4 young (4096K), 4 survivors (4096K)
 Metaspace       used 97244K, capacity 100089K, committed 100168K, reserved 1136640K
  class space    used 12476K, capacity 13493K, committed 13568K, reserved 1048576K
}
Event: 76.885 GC heap before
{Heap before GC invocations=48 (full 0):
 garbage-first heap   total 138240K, used 95940K [0x00000000a0000000, 0x0000000100000000)
  region size 1024K, 6 young (6144K), 4 survivors (4096K)
 Metaspace       used 97254K, capacity 100089K, committed 100168K, reserved 1136640K
  class space    used 12476K, capacity 13493K, committed 13568K, reserved 1048576K
}
Event: 76.890 GC heap after
{Heap after GC invocations=49 (full 0):
 garbage-first heap   total 138240K, used 95388K [0x00000000a0000000, 0x0000000100000000)
  region size 1024K, 1 young (1024K), 1 survivors (1024K)
 Metaspace       used 97254K, capacity 100089K, committed 100168K, reserved 1136640K
  class space    used 12476K, capacity 13493K, committed 13568K, reserved 1048576K
}
Event: 76.977 GC heap before
{Heap before GC invocations=49 (full 0):
 garbage-first heap   total 138240K, used 113820K [0x00000000a0000000, 0x0000000100000000)
  region size 1024K, 20 young (20480K), 1 survivors (1024K)
 Metaspace       used 97302K, capacity 100169K, committed 100424K, reserved 1136640K
  class space    used 12480K, capacity 13496K, committed 13568K, reserved 1048576K
}
Event: 76.984 GC heap after
{Heap after GC invocations=50 (full 0):
 garbage-first heap   total 138240K, used 100034K [0x00000000a0000000, 0x0000000100000000)
  region size 1024K, 3 young (3072K), 3 survivors (3072K)
 Metaspace       used 97302K, capacity 100169K, committed 100424K, reserved 1136640K
  class space    used 12480K, capacity 13496K, committed 13568K, reserved 1048576K
}

