# JRE version: OpenJDK Runtime Environment (11.0.11+9) (build 11.0.11+9-b60-7590822)
# Java VM: OpenJDK 64-Bit Server VM (11.0.11+9-b60-7590822, mixed mode, tiered, compressed oops, g1 gc, windows-amd64)
Heap:
 garbage-first heap   total 199680K, used 62967K [0x0000000091000000, 0x0000000100000000)
  region size 1024K, 3 young (3072K), 3 survivors (3072K)
 Metaspace       used 54420K, capacity 55052K, committed 55088K, reserved 1097728K
  class space    used 6251K, capacity 6505K, committed 6528K, reserved 1048576K
GC Heap History (17 events):
Event: 0.568 GC heap before
{Heap before GC invocations=0 (full 0):
 garbage-first heap   total 114688K, used 26624K [0x0000000091000000, 0x0000000100000000)
  region size 1024K, 24 young (24576K), 0 survivors (0K)
 Metaspace       used 12517K, capacity 12624K, committed 12800K, reserved 1060864K
  class space    used 1210K, capacity 1249K, committed 1280K, reserved 1048576K
}
Event: 0.574 GC heap after
{Heap after GC invocations=1 (full 0):
 garbage-first heap   total 114688K, used 6153K [0x0000000091000000, 0x0000000100000000)
  region size 1024K, 3 young (3072K), 3 survivors (3072K)
 Metaspace       used 12517K, capacity 12624K, committed 12800K, reserved 1060864K
  class space    used 1210K, capacity 1249K, committed 1280K, reserved 1048576K
}
Event: 1.237 GC heap before
{Heap before GC invocations=1 (full 0):
 garbage-first heap   total 114688K, used 38921K [0x0000000091000000, 0x0000000100000000)
  region size 1024K, 36 young (36864K), 3 survivors (3072K)
 Metaspace       used 20895K, capacity 21138K, committed 21296K, reserved 1069056K
  class space    used 2245K, capacity 2323K, committed 2432K, reserved 1048576K
}
Event: 1.256 GC heap after
{Heap after GC invocations=2 (full 0):
 garbage-first heap   total 114688K, used 9225K [0x0000000091000000, 0x0000000100000000)
  region size 1024K, 6 young (6144K), 6 survivors (6144K)
 Metaspace       used 20895K, capacity 21138K, committed 21296K, reserved 1069056K
  class space    used 2245K, capacity 2323K, committed 2432K, reserved 1048576K
}
Event: 2.216 GC heap before
{Heap before GC invocations=3 (full 0):
 garbage-first heap   total 114688K, used 61449K [0x0000000091000000, 0x0000000100000000)
  region size 1024K, 51 young (52224K), 6 survivors (6144K)
 Metaspace       used 30037K, capacity 30389K, committed 30640K, reserved 1077248K
  class space    used 3371K, capacity 3532K, committed 3584K, reserved 1048576K
}
Event: 2.239 GC heap after
{Heap after GC invocations=4 (full 0):
 garbage-first heap   total 114688K, used 15150K [0x0000000091000000, 0x0000000100000000)
  region size 1024K, 7 young (7168K), 7 survivors (7168K)
 Metaspace       used 30037K, capacity 30389K, committed 30640K, reserved 1077248K
  class space    used 3371K, capacity 3532K, committed 3584K, reserved 1048576K
}
Event: 2.626 GC heap before
{Heap before GC invocations=4 (full 0):
 garbage-first heap   total 114688K, used 40750K [0x0000000091000000, 0x0000000100000000)
  region size 1024K, 33 young (33792K), 7 survivors (7168K)
 Metaspace       used 35411K, capacity 35759K, committed 35888K, reserved 1081344K
  class space    used 4247K, capacity 4403K, committed 4480K, reserved 1048576K
}
Event: 2.646 GC heap after
{Heap after GC invocations=5 (full 0):
 garbage-first heap   total 114688K, used 17900K [0x0000000091000000, 0x0000000100000000)
  region size 1024K, 3 young (3072K), 3 survivors (3072K)
 Metaspace       used 35411K, capacity 35759K, committed 35888K, reserved 1081344K
  class space    used 4247K, capacity 4403K, committed 4480K, reserved 1048576K
}
Event: 3.703 GC heap before
{Heap before GC invocations=6 (full 0):
 garbage-first heap   total 114688K, used 67052K [0x0000000091000000, 0x0000000100000000)
  region size 1024K, 48 young (49152K), 3 survivors (3072K)
 Metaspace       used 41801K, capacity 42231K, committed 42544K, reserved 1087488K
  class space    used 4996K, capacity 5138K, committed 5248K, reserved 1048576K
}
Event: 3.723 GC heap after
{Heap after GC invocations=7 (full 0):
 garbage-first heap   total 153600K, used 28672K [0x0000000091000000, 0x0000000100000000)
  region size 1024K, 6 young (6144K), 6 survivors (6144K)
 Metaspace       used 41801K, capacity 42231K, committed 42544K, reserved 1087488K
  class space    used 4996K, capacity 5138K, committed 5248K, reserved 1048576K
}
Event: 4.599 GC heap before
{Heap before GC invocations=7 (full 0):
 garbage-first heap   total 153600K, used 83968K [0x0000000091000000, 0x0000000100000000)
  region size 1024K, 60 young (61440K), 6 survivors (6144K)
 Metaspace       used 46467K, capacity 47019K, committed 47152K, reserved 1091584K
  class space    used 5460K, capacity 5653K, committed 5760K, reserved 1048576K
}
Event: 4.617 GC heap after
{Heap after GC invocations=8 (full 0):
 garbage-first heap   total 153600K, used 35134K [0x0000000091000000, 0x0000000100000000)
  region size 1024K, 6 young (6144K), 6 survivors (6144K)
 Metaspace       used 46467K, capacity 47019K, committed 47152K, reserved 1091584K
  class space    used 5460K, capacity 5653K, committed 5760K, reserved 1048576K
}
Event: 6.428 GC heap before
{Heap before GC invocations=8 (full 0):
 garbage-first heap   total 153600K, used 105790K [0x0000000091000000, 0x0000000100000000)
  region size 1024K, 65 young (66560K), 6 survivors (6144K)
 Metaspace       used 52351K, capacity 52915K, committed 53040K, reserved 1095680K
  class space    used 6031K, capacity 6262K, committed 6272K, reserved 1048576K
}
Event: 6.460 GC heap after
{Heap after GC invocations=9 (full 0):
 garbage-first heap   total 153600K, used 52224K [0x0000000091000000, 0x0000000100000000)
  region size 1024K, 9 young (9216K), 9 survivors (9216K)
 Metaspace       used 52351K, capacity 52915K, committed 53040K, reserved 1095680K
  class space    used 6031K, capacity 6262K, committed 6272K, reserved 1048576K
}
Event: 6.953 GC heap before
{Heap before GC invocations=9 (full 0):
 garbage-first heap   total 153600K, used 106496K [0x0000000091000000, 0x0000000100000000)
  region size 1024K, 62 young (63488K), 9 survivors (9216K)
 Metaspace       used 52640K, capacity 53215K, committed 53424K, reserved 1095680K
  class space    used 6043K, capacity 6298K, committed 6400K, reserved 1048576K
}
Event: 6.986 GC heap after
{Heap after GC invocations=10 (full 0):
 garbage-first heap   total 153600K, used 60915K [0x0000000091000000, 0x0000000100000000)
  region size 1024K, 8 young (8192K), 8 survivors (8192K)
 Metaspace       used 52640K, capacity 53215K, committed 53424K, reserved 1095680K
  class space    used 6043K, capacity 6298K, committed 6400K, reserved 1048576K
}
Event: 7.585 GC heap before
{Heap before GC invocations=10 (full 0):
 garbage-first heap   total 153600K, used 111091K [0x0000000091000000, 0x0000000100000000)
  region size 1024K, 57 young (58368K), 8 survivors (8192K)
 Metaspace       used 54420K, capacity 55052K, committed 55088K, reserved 1097728K
  class space    used 6251K, capacity 6505K, committed 6528K, reserved 1048576K
}

