# JRE version: OpenJDK Runtime Environment (11.0.11+9) (build 11.0.11+9-b60-7590822)
# Java VM: OpenJDK 64-Bit Server VM (11.0.11+9-b60-7590822, mixed mode, tiered, compressed oops, g1 gc, windows-amd64)
Heap:
 garbage-first heap   total 114688K, used 47253K [0x00000000a0000000, 0x0000000100000000)
  region size 1024K, 33 young (33792K), 2 survivors (2048K)
 Metaspace       used 23779K, capacity 24371K, committed 24496K, reserved 1071104K
  class space    used 3033K, capacity 3222K, committed 3328K, reserved 1048576K
GC Heap History (6 events):
Event: 1.214 GC heap before
{Heap before GC invocations=0 (full 0):
 garbage-first heap   total 114688K, used 29696K [0x00000000a0000000, 0x0000000100000000)
  region size 1024K, 24 young (24576K), 0 survivors (0K)
 Metaspace       used 10089K, capacity 10288K, committed 10368K, reserved 1058816K
  class space    used 1042K, capacity 1092K, committed 1152K, reserved 1048576K
}
Event: 1.224 GC heap after
{Heap after GC invocations=1 (full 0):
 garbage-first heap   total 114688K, used 8553K [0x00000000a0000000, 0x0000000100000000)
  region size 1024K, 3 young (3072K), 3 survivors (3072K)
 Metaspace       used 10089K, capacity 10288K, committed 10368K, reserved 1058816K
  class space    used 1042K, capacity 1092K, committed 1152K, reserved 1048576K
}
Event: 3.405 GC heap before
{Heap before GC invocations=1 (full 0):
 garbage-first heap   total 114688K, used 73065K [0x00000000a0000000, 0x0000000100000000)
  region size 1024K, 67 young (68608K), 3 survivors (3072K)
 Metaspace       used 17525K, capacity 17935K, committed 18048K, reserved 1064960K
  class space    used 2039K, capacity 2174K, committed 2176K, reserved 1048576K
}
Event: 3.413 GC heap after
{Heap after GC invocations=2 (full 0):
 garbage-first heap   total 114688K, used 15237K [0x00000000a0000000, 0x0000000100000000)
  region size 1024K, 9 young (9216K), 9 survivors (9216K)
 Metaspace       used 17525K, capacity 17935K, committed 18048K, reserved 1064960K
  class space    used 2039K, capacity 2174K, committed 2176K, reserved 1048576K
}
Event: 4.174 GC heap before
{Heap before GC invocations=2 (full 0):
 garbage-first heap   total 114688K, used 39813K [0x00000000a0000000, 0x0000000100000000)
  region size 1024K, 34 young (34816K), 9 survivors (9216K)
 Metaspace       used 20573K, capacity 21123K, committed 21296K, reserved 1069056K
  class space    used 2497K, capacity 2688K, committed 2688K, reserved 1048576K
}
Event: 4.188 GC heap after
{Heap after GC invocations=3 (full 0):
 garbage-first heap   total 114688K, used 16533K [0x00000000a0000000, 0x0000000100000000)
  region size 1024K, 2 young (2048K), 2 survivors (2048K)
 Metaspace       used 20573K, capacity 21123K, committed 21296K, reserved 1069056K
  class space    used 2497K, capacity 2688K, committed 2688K, reserved 1048576K
}

