# JRE version: OpenJDK Runtime Environment (11.0.11+9) (build 11.0.11+9-b60-7590822)
# Java VM: OpenJDK 64-Bit Server VM (11.0.11+9-b60-7590822, mixed mode, tiered, compressed oops, g1 gc, windows-amd64)
Heap:
 garbage-first heap   total 138240K, used 79397K [0x00000000a0000000, 0x0000000100000000)
  region size 1024K, 31 young (31744K), 3 survivors (3072K)
 Metaspace       used 55918K, capacity 57326K, committed 57416K, reserved 1099776K
  class space    used 7109K, capacity 7612K, committed 7680K, reserved 1048576K
GC Heap History (20 events):
Event: 1.098 GC heap before
{Heap before GC invocations=0 (full 0):
 garbage-first heap   total 114688K, used 29696K [0x00000000a0000000, 0x0000000100000000)
  region size 1024K, 24 young (24576K), 0 survivors (0K)
 Metaspace       used 10094K, capacity 10292K, committed 10368K, reserved 1058816K
  class space    used 1042K, capacity 1092K, committed 1152K, reserved 1048576K
}
Event: 1.108 GC heap after
{Heap after GC invocations=1 (full 0):
 garbage-first heap   total 114688K, used 8460K [0x00000000a0000000, 0x0000000100000000)
  region size 1024K, 3 young (3072K), 3 survivors (3072K)
 Metaspace       used 10094K, capacity 10292K, committed 10368K, reserved 1058816K
  class space    used 1042K, capacity 1092K, committed 1152K, reserved 1048576K
}
Event: 2.957 GC heap before
{Heap before GC invocations=1 (full 0):
 garbage-first heap   total 114688K, used 72972K [0x00000000a0000000, 0x0000000100000000)
  region size 1024K, 67 young (68608K), 3 survivors (3072K)
 Metaspace       used 17577K, capacity 18035K, committed 18176K, reserved 1064960K
  class space    used 2047K, capacity 2206K, committed 2304K, reserved 1048576K
}
Event: 2.969 GC heap after
{Heap after GC invocations=2 (full 0):
 garbage-first heap   total 114688K, used 15295K [0x00000000a0000000, 0x0000000100000000)
  region size 1024K, 9 young (9216K), 9 survivors (9216K)
 Metaspace       used 17577K, capacity 18035K, committed 18176K, reserved 1064960K
  class space    used 2047K, capacity 2206K, committed 2304K, reserved 1048576K
}
Event: 3.351 GC heap before
{Heap before GC invocations=2 (full 0):
 garbage-first heap   total 114688K, used 38847K [0x00000000a0000000, 0x0000000100000000)
  region size 1024K, 33 young (33792K), 9 survivors (9216K)
 Metaspace       used 20595K, capacity 21127K, committed 21296K, reserved 1069056K
  class space    used 2498K, capacity 2688K, committed 2688K, reserved 1048576K
}
Event: 3.362 GC heap after
{Heap after GC invocations=3 (full 0):
 garbage-first heap   total 114688K, used 16703K [0x00000000a0000000, 0x0000000100000000)
  region size 1024K, 2 young (2048K), 2 survivors (2048K)
 Metaspace       used 20595K, capacity 21127K, committed 21296K, reserved 1069056K
  class space    used 2498K, capacity 2688K, committed 2688K, reserved 1048576K
}
Event: 3.980 GC heap before
{Heap before GC invocations=4 (full 0):
 garbage-first heap   total 114688K, used 59711K [0x00000000a0000000, 0x0000000100000000)
  region size 1024K, 44 young (45056K), 2 survivors (2048K)
 Metaspace       used 25092K, capacity 25719K, committed 26032K, reserved 1071104K
  class space    used 3256K, capacity 3458K, committed 3584K, reserved 1048576K
}
Event: 3.985 GC heap after
{Heap after GC invocations=5 (full 0):
 garbage-first heap   total 114688K, used 18082K [0x00000000a0000000, 0x0000000100000000)
  region size 1024K, 3 young (3072K), 3 survivors (3072K)
 Metaspace       used 25092K, capacity 25719K, committed 26032K, reserved 1071104K
  class space    used 3256K, capacity 3458K, committed 3584K, reserved 1048576K
}
Event: 4.913 GC heap before
{Heap before GC invocations=5 (full 0):
 garbage-first heap   total 114688K, used 74402K [0x00000000a0000000, 0x0000000100000000)
  region size 1024K, 50 young (51200K), 3 survivors (3072K)
 Metaspace       used 29678K, capacity 30493K, committed 30640K, reserved 1075200K
  class space    used 3983K, capacity 4274K, committed 4352K, reserved 1048576K
}
Event: 4.920 GC heap after
{Heap after GC invocations=6 (full 0):
 garbage-first heap   total 114688K, used 30697K [0x00000000a0000000, 0x0000000100000000)
  region size 1024K, 6 young (6144K), 6 survivors (6144K)
 Metaspace       used 29678K, capacity 30493K, committed 30640K, reserved 1075200K
  class space    used 3983K, capacity 4274K, committed 4352K, reserved 1048576K
}
Event: 5.340 GC heap before
{Heap before GC invocations=6 (full 0):
 garbage-first heap   total 114688K, used 47081K [0x00000000a0000000, 0x0000000100000000)
  region size 1024K, 24 young (24576K), 6 survivors (6144K)
 Metaspace       used 34877K, capacity 35656K, committed 35708K, reserved 1081344K
  class space    used 4555K, capacity 4846K, committed 4864K, reserved 1048576K
}
Event: 5.354 GC heap after
{Heap after GC invocations=7 (full 0):
 garbage-first heap   total 114688K, used 33096K [0x00000000a0000000, 0x0000000100000000)
  region size 1024K, 6 young (6144K), 6 survivors (6144K)
 Metaspace       used 34877K, capacity 35656K, committed 35708K, reserved 1081344K
  class space    used 4555K, capacity 4846K, committed 4864K, reserved 1048576K
}
Event: 6.072 GC heap before
{Heap before GC invocations=8 (full 0):
 garbage-first heap   total 114688K, used 76104K [0x00000000a0000000, 0x0000000100000000)
  region size 1024K, 45 young (46080K), 6 survivors (6144K)
 Metaspace       used 39902K, capacity 40805K, committed 40904K, reserved 1085440K
  class space    used 5086K, capacity 5450K, committed 5504K, reserved 1048576K
}
Event: 6.082 GC heap after
{Heap after GC invocations=9 (full 0):
 garbage-first heap   total 138240K, used 35108K [0x00000000a0000000, 0x0000000100000000)
  region size 1024K, 5 young (5120K), 5 survivors (5120K)
 Metaspace       used 39902K, capacity 40805K, committed 40904K, reserved 1085440K
  class space    used 5086K, capacity 5450K, committed 5504K, reserved 1048576K
}
Event: 6.829 GC heap before
{Heap before GC invocations=9 (full 0):
 garbage-first heap   total 138240K, used 86308K [0x00000000a0000000, 0x0000000100000000)
  region size 1024K, 55 young (56320K), 5 survivors (5120K)
 Metaspace       used 43387K, capacity 44421K, committed 44488K, reserved 1087488K
  class space    used 5595K, capacity 5960K, committed 6016K, reserved 1048576K
}
Event: 6.838 GC heap after
{Heap after GC invocations=10 (full 0):
 garbage-first heap   total 138240K, used 37728K [0x00000000a0000000, 0x0000000100000000)
  region size 1024K, 5 young (5120K), 5 survivors (5120K)
 Metaspace       used 43387K, capacity 44421K, committed 44488K, reserved 1087488K
  class space    used 5595K, capacity 5960K, committed 6016K, reserved 1048576K
}
Event: 7.928 GC heap before
{Heap before GC invocations=10 (full 0):
 garbage-first heap   total 138240K, used 95072K [0x00000000a0000000, 0x0000000100000000)
  region size 1024K, 57 young (58368K), 5 survivors (5120K)
 Metaspace       used 45475K, capacity 46649K, committed 46792K, reserved 1089536K
  class space    used 5844K, capacity 6272K, committed 6272K, reserved 1048576K
}
Event: 7.938 GC heap after
{Heap after GC invocations=11 (full 0):
 garbage-first heap   total 138240K, used 49921K [0x00000000a0000000, 0x0000000100000000)
  region size 1024K, 8 young (8192K), 8 survivors (8192K)
 Metaspace       used 45475K, capacity 46649K, committed 46792K, reserved 1089536K
  class space    used 5844K, capacity 6272K, committed 6272K, reserved 1048576K
}
Event: 8.936 GC heap before
{Heap before GC invocations=11 (full 0):
 garbage-first heap   total 138240K, used 97025K [0x00000000a0000000, 0x0000000100000000)
  region size 1024K, 54 young (55296K), 8 survivors (8192K)
 Metaspace       used 53206K, capacity 54612K, committed 54728K, reserved 1097728K
  class space    used 6779K, capacity 7242K, committed 7296K, reserved 1048576K
}
Event: 8.943 GC heap after
{Heap after GC invocations=12 (full 0):
 garbage-first heap   total 138240K, used 52773K [0x00000000a0000000, 0x0000000100000000)
  region size 1024K, 3 young (3072K), 3 survivors (3072K)
 Metaspace       used 53206K, capacity 54612K, committed 54728K, reserved 1097728K
  class space    used 6779K, capacity 7242K, committed 7296K, reserved 1048576K
}

