# JRE version: OpenJDK Runtime Environment (11.0.11+9) (build 11.0.11+9-b60-7590822)
# Java VM: OpenJDK 64-Bit Server VM (11.0.11+9-b60-7590822, mixed mode, tiered, compressed oops, g1 gc, windows-amd64)
Heap:
 garbage-first heap   total 165888K, used 119815K [0x00000000a0000000, 0x0000000100000000)
  region size 1024K, 32 young (32768K), 2 survivors (2048K)
 Metaspace       used 87321K, capacity 89809K, committed 89928K, reserved 1126400K
  class space    used 11291K, capacity 12205K, committed 12288K, reserved 1048576K
GC Heap History (20 events):
Event: 10.828 GC heap before
{Heap before GC invocations=24 (full 0):
 garbage-first heap   total 114688K, used 94901K [0x00000000a0000000, 0x0000000100000000)
  region size 1024K, 31 young (31744K), 4 survivors (4096K)
 Metaspace       used 75862K, capacity 77957K, committed 78152K, reserved 1116160K
  class space    used 9877K, capacity 10649K, committed 10752K, reserved 1048576K
}
Event: 10.836 GC heap after
{Heap after GC invocations=25 (full 0):
 garbage-first heap   total 138240K, used 71042K [0x00000000a0000000, 0x0000000100000000)
  region size 1024K, 3 young (3072K), 3 survivors (3072K)
 Metaspace       used 75862K, capacity 77957K, committed 78152K, reserved 1116160K
  class space    used 9877K, capacity 10649K, committed 10752K, reserved 1048576K
}
Event: 11.180 GC heap before
{Heap before GC invocations=25 (full 0):
 garbage-first heap   total 138240K, used 100738K [0x00000000a0000000, 0x0000000100000000)
  region size 1024K, 34 young (34816K), 3 survivors (3072K)
 Metaspace       used 76462K, capacity 78688K, committed 78920K, reserved 1118208K
  class space    used 9954K, capacity 10736K, committed 10752K, reserved 1048576K
}
Event: 11.188 GC heap after
{Heap after GC invocations=26 (full 0):
 garbage-first heap   total 138240K, used 72861K [0x00000000a0000000, 0x0000000100000000)
  region size 1024K, 2 young (2048K), 2 survivors (2048K)
 Metaspace       used 76462K, capacity 78688K, committed 78920K, reserved 1118208K
  class space    used 9954K, capacity 10736K, committed 10752K, reserved 1048576K
}
Event: 11.715 GC heap before
{Heap before GC invocations=27 (full 0):
 garbage-first heap   total 138240K, used 103581K [0x00000000a0000000, 0x0000000100000000)
  region size 1024K, 33 young (33792K), 2 survivors (2048K)
 Metaspace       used 77654K, capacity 79898K, committed 80200K, reserved 1118208K
  class space    used 10075K, capacity 10901K, committed 11008K, reserved 1048576K
}
Event: 11.737 GC heap after
{Heap after GC invocations=28 (full 0):
 garbage-first heap   total 138240K, used 81910K [0x00000000a0000000, 0x0000000100000000)
  region size 1024K, 5 young (5120K), 5 survivors (5120K)
 Metaspace       used 77654K, capacity 79898K, committed 80200K, reserved 1118208K
  class space    used 10075K, capacity 10901K, committed 11008K, reserved 1048576K
}
Event: 12.146 GC heap before
{Heap before GC invocations=29 (full 0):
 garbage-first heap   total 138240K, used 117750K [0x00000000a0000000, 0x0000000100000000)
  region size 1024K, 33 young (33792K), 5 survivors (5120K)
 Metaspace       used 78468K, capacity 80693K, committed 81096K, reserved 1120256K
  class space    used 10141K, capacity 10945K, committed 11136K, reserved 1048576K
}
Event: 12.156 GC heap after
{Heap after GC invocations=30 (full 0):
 garbage-first heap   total 138240K, used 82562K [0x00000000a0000000, 0x0000000100000000)
  region size 1024K, 2 young (2048K), 2 survivors (2048K)
 Metaspace       used 78468K, capacity 80693K, committed 81096K, reserved 1120256K
  class space    used 10141K, capacity 10945K, committed 11136K, reserved 1048576K
}
Event: 12.461 GC heap before
{Heap before GC invocations=30 (full 0):
 garbage-first heap   total 138240K, used 110210K [0x00000000a0000000, 0x0000000100000000)
  region size 1024K, 30 young (30720K), 2 survivors (2048K)
 Metaspace       used 78868K, capacity 81140K, committed 81352K, reserved 1120256K
  class space    used 10173K, capacity 10981K, committed 11136K, reserved 1048576K
}
Event: 12.467 GC heap after
{Heap after GC invocations=31 (full 0):
 garbage-first heap   total 165888K, used 83774K [0x00000000a0000000, 0x0000000100000000)
  region size 1024K, 3 young (3072K), 3 survivors (3072K)
 Metaspace       used 78868K, capacity 81140K, committed 81352K, reserved 1120256K
  class space    used 10173K, capacity 10981K, committed 11136K, reserved 1048576K
}
Event: 14.228 GC heap before
{Heap before GC invocations=32 (full 0):
 garbage-first heap   total 165888K, used 121662K [0x00000000a0000000, 0x0000000100000000)
  region size 1024K, 41 young (41984K), 3 survivors (3072K)
 Metaspace       used 79975K, capacity 82288K, committed 82504K, reserved 1120256K
  class space    used 10298K, capacity 11108K, committed 11264K, reserved 1048576K
}
Event: 14.234 GC heap after
{Heap after GC invocations=33 (full 0):
 garbage-first heap   total 165888K, used 85442K [0x00000000a0000000, 0x0000000100000000)
  region size 1024K, 5 young (5120K), 5 survivors (5120K)
 Metaspace       used 79975K, capacity 82288K, committed 82504K, reserved 1120256K
  class space    used 10298K, capacity 11108K, committed 11264K, reserved 1048576K
}
Event: 14.631 GC heap before
{Heap before GC invocations=33 (full 0):
 garbage-first heap   total 165888K, used 124354K [0x00000000a0000000, 0x0000000100000000)
  region size 1024K, 43 young (44032K), 5 survivors (5120K)
 Metaspace       used 82452K, capacity 84744K, committed 85064K, reserved 1122304K
  class space    used 10596K, capacity 11371K, committed 11520K, reserved 1048576K
}
Event: 14.638 GC heap after
{Heap after GC invocations=34 (full 0):
 garbage-first heap   total 165888K, used 88333K [0x00000000a0000000, 0x0000000100000000)
  region size 1024K, 6 young (6144K), 6 survivors (6144K)
 Metaspace       used 82452K, capacity 84744K, committed 85064K, reserved 1122304K
  class space    used 10596K, capacity 11371K, committed 11520K, reserved 1048576K
}
Event: 15.278 GC heap before
{Heap before GC invocations=35 (full 0):
 garbage-first heap   total 165888K, used 126221K [0x00000000a0000000, 0x0000000100000000)
  region size 1024K, 44 young (45056K), 6 survivors (6144K)
 Metaspace       used 84427K, capacity 86745K, committed 86856K, reserved 1124352K
  class space    used 10902K, capacity 11710K, committed 11776K, reserved 1048576K
}
Event: 15.286 GC heap after
{Heap after GC invocations=36 (full 0):
 garbage-first heap   total 165888K, used 93599K [0x00000000a0000000, 0x0000000100000000)
  region size 1024K, 6 young (6144K), 6 survivors (6144K)
 Metaspace       used 84427K, capacity 86745K, committed 86856K, reserved 1124352K
  class space    used 10902K, capacity 11710K, committed 11776K, reserved 1048576K
}
Event: 15.323 GC heap before
{Heap before GC invocations=36 (full 0):
 garbage-first heap   total 165888K, used 95647K [0x00000000a0000000, 0x0000000100000000)
  region size 1024K, 8 young (8192K), 6 survivors (6144K)
 Metaspace       used 84715K, capacity 87071K, committed 87112K, reserved 1124352K
  class space    used 10943K, capacity 11775K, committed 11776K, reserved 1048576K
}
Event: 15.327 GC heap after
{Heap after GC invocations=37 (full 0):
 garbage-first heap   total 165888K, used 90809K [0x00000000a0000000, 0x0000000100000000)
  region size 1024K, 1 young (1024K), 1 survivors (1024K)
 Metaspace       used 84715K, capacity 87071K, committed 87112K, reserved 1124352K
  class space    used 10943K, capacity 11775K, committed 11776K, reserved 1048576K
}
Event: 41.437 GC heap before
{Heap before GC invocations=37 (full 0):
 garbage-first heap   total 165888K, used 128697K [0x00000000a0000000, 0x0000000100000000)
  region size 1024K, 39 young (39936K), 1 survivors (1024K)
 Metaspace       used 86402K, capacity 88900K, committed 89032K, reserved 1126400K
  class space    used 11165K, capacity 12053K, committed 12160K, reserved 1048576K
}
Event: 41.443 GC heap after
{Heap after GC invocations=38 (full 0):
 garbage-first heap   total 165888K, used 91143K [0x00000000a0000000, 0x0000000100000000)
  region size 1024K, 2 young (2048K), 2 survivors (2048K)
 Metaspace       used 86402K, capacity 88900K, committed 89032K, reserved 1126400K
  class space    used 11165K, capacity 12053K, committed 12160K, reserved 1048576K
}

