# JRE version: OpenJDK Runtime Environment (11.0.11+9) (build 11.0.11+9-b60-7590822)
# Java VM: OpenJDK 64-Bit Server VM (11.0.11+9-b60-7590822, mixed mode, tiered, compressed oops, g1 gc, windows-amd64)
Heap:
 garbage-first heap   total 138240K, used 79076K [0x00000000a0000000, 0x0000000100000000)
  region size 1024K, 46 young (47104K), 5 survivors (5120K)
 Metaspace       used 44999K, capacity 46176K, committed 46280K, reserved 1089536K
  class space    used 5794K, capacity 6245K, committed 6272K, reserved 1048576K
GC Heap History (16 events):
Event: 0.971 GC heap before
{Heap before GC invocations=0 (full 0):
 garbage-first heap   total 114688K, used 29696K [0x00000000a0000000, 0x0000000100000000)
  region size 1024K, 24 young (24576K), 0 survivors (0K)
 Metaspace       used 10078K, capacity 10228K, committed 10368K, reserved 1058816K
  class space    used 1042K, capacity 1092K, committed 1152K, reserved 1048576K
}
Event: 0.979 GC heap after
{Heap after GC invocations=1 (full 0):
 garbage-first heap   total 114688K, used 8373K [0x00000000a0000000, 0x0000000100000000)
  region size 1024K, 3 young (3072K), 3 survivors (3072K)
 Metaspace       used 10078K, capacity 10228K, committed 10368K, reserved 1058816K
  class space    used 1042K, capacity 1092K, committed 1152K, reserved 1048576K
}
Event: 2.772 GC heap before
{Heap before GC invocations=1 (full 0):
 garbage-first heap   total 114688K, used 72885K [0x00000000a0000000, 0x0000000100000000)
  region size 1024K, 67 young (68608K), 3 survivors (3072K)
 Metaspace       used 17571K, capacity 18035K, committed 18176K, reserved 1064960K
  class space    used 2047K, capacity 2206K, committed 2304K, reserved 1048576K
}
Event: 2.782 GC heap after
{Heap after GC invocations=2 (full 0):
 garbage-first heap   total 114688K, used 15323K [0x00000000a0000000, 0x0000000100000000)
  region size 1024K, 9 young (9216K), 9 survivors (9216K)
 Metaspace       used 17571K, capacity 18035K, committed 18176K, reserved 1064960K
  class space    used 2047K, capacity 2206K, committed 2304K, reserved 1048576K
}
Event: 3.109 GC heap before
{Heap before GC invocations=2 (full 0):
 garbage-first heap   total 114688K, used 38875K [0x00000000a0000000, 0x0000000100000000)
  region size 1024K, 33 young (33792K), 9 survivors (9216K)
 Metaspace       used 20587K, capacity 21127K, committed 21296K, reserved 1069056K
  class space    used 2498K, capacity 2688K, committed 2688K, reserved 1048576K
}
Event: 3.120 GC heap after
{Heap after GC invocations=3 (full 0):
 garbage-first heap   total 114688K, used 16581K [0x00000000a0000000, 0x0000000100000000)
  region size 1024K, 1 young (1024K), 1 survivors (1024K)
 Metaspace       used 20587K, capacity 21127K, committed 21296K, reserved 1069056K
  class space    used 2498K, capacity 2688K, committed 2688K, reserved 1048576K
}
Event: 3.826 GC heap before
{Heap before GC invocations=4 (full 0):
 garbage-first heap   total 114688K, used 60613K [0x00000000a0000000, 0x0000000100000000)
  region size 1024K, 44 young (45056K), 1 survivors (1024K)
 Metaspace       used 25312K, capacity 25957K, committed 26288K, reserved 1073152K
  class space    used 3292K, capacity 3496K, committed 3584K, reserved 1048576K
}
Event: 3.830 GC heap after
{Heap after GC invocations=5 (full 0):
 garbage-first heap   total 114688K, used 18326K [0x00000000a0000000, 0x0000000100000000)
  region size 1024K, 3 young (3072K), 3 survivors (3072K)
 Metaspace       used 25312K, capacity 25957K, committed 26288K, reserved 1073152K
  class space    used 3292K, capacity 3496K, committed 3584K, reserved 1048576K
}
Event: 4.593 GC heap before
{Heap before GC invocations=5 (full 0):
 garbage-first heap   total 114688K, used 73622K [0x00000000a0000000, 0x0000000100000000)
  region size 1024K, 49 young (50176K), 3 survivors (3072K)
 Metaspace       used 29788K, capacity 30593K, committed 30640K, reserved 1075200K
  class space    used 4004K, capacity 4307K, committed 4352K, reserved 1048576K
}
Event: 4.601 GC heap after
{Heap after GC invocations=6 (full 0):
 garbage-first heap   total 114688K, used 30483K [0x00000000a0000000, 0x0000000100000000)
  region size 1024K, 6 young (6144K), 6 survivors (6144K)
 Metaspace       used 29788K, capacity 30593K, committed 30640K, reserved 1075200K
  class space    used 4004K, capacity 4307K, committed 4352K, reserved 1048576K
}
Event: 5.016 GC heap before
{Heap before GC invocations=6 (full 0):
 garbage-first heap   total 114688K, used 47891K [0x00000000a0000000, 0x0000000100000000)
  region size 1024K, 24 young (24576K), 6 survivors (6144K)
 Metaspace       used 34881K, capacity 35656K, committed 35708K, reserved 1081344K
  class space    used 4558K, capacity 4846K, committed 4864K, reserved 1048576K
}
Event: 5.029 GC heap after
{Heap after GC invocations=7 (full 0):
 garbage-first heap   total 114688K, used 32930K [0x00000000a0000000, 0x0000000100000000)
  region size 1024K, 6 young (6144K), 6 survivors (6144K)
 Metaspace       used 34881K, capacity 35656K, committed 35708K, reserved 1081344K
  class space    used 4558K, capacity 4846K, committed 4864K, reserved 1048576K
}
Event: 5.872 GC heap before
{Heap before GC invocations=8 (full 0):
 garbage-first heap   total 114688K, used 79010K [0x00000000a0000000, 0x0000000100000000)
  region size 1024K, 48 young (49152K), 6 survivors (6144K)
 Metaspace       used 40274K, capacity 41163K, committed 41416K, reserved 1085440K
  class space    used 5126K, capacity 5484K, committed 5504K, reserved 1048576K
}
Event: 5.883 GC heap after
{Heap after GC invocations=9 (full 0):
 garbage-first heap   total 114688K, used 35798K [0x00000000a0000000, 0x0000000100000000)
  region size 1024K, 5 young (5120K), 5 survivors (5120K)
 Metaspace       used 40274K, capacity 41163K, committed 41416K, reserved 1085440K
  class space    used 5126K, capacity 5484K, committed 5504K, reserved 1048576K
}
Event: 6.421 GC heap before
{Heap before GC invocations=9 (full 0):
 garbage-first heap   total 114688K, used 78806K [0x00000000a0000000, 0x0000000100000000)
  region size 1024K, 47 young (48128K), 5 survivors (5120K)
 Metaspace       used 42912K, capacity 43953K, committed 44232K, reserved 1087488K
  class space    used 5533K, capacity 5911K, committed 6016K, reserved 1048576K
}
Event: 6.429 GC heap after
{Heap after GC invocations=10 (full 0):
 garbage-first heap   total 138240K, used 38116K [0x00000000a0000000, 0x0000000100000000)
  region size 1024K, 5 young (5120K), 5 survivors (5120K)
 Metaspace       used 42912K, capacity 43953K, committed 44232K, reserved 1087488K
  class space    used 5533K, capacity 5911K, committed 6016K, reserved 1048576K
}

