# JRE version: OpenJDK Runtime Environment (11.0.11+9) (build 11.0.11+9-b60-7590822)
# Java VM: OpenJDK 64-Bit Server VM (11.0.11+9-b60-7590822, mixed mode, tiered, compressed oops, g1 gc, windows-amd64)
Heap:
 garbage-first heap   total 269312K, used 136264K [0x0000000091000000, 0x0000000100000000)
  region size 1024K, 4 young (4096K), 4 survivors (4096K)
 Metaspace       used 64953K, capacity 66004K, committed 66224K, reserved 1107968K
  class space    used 7229K, capacity 7576K, committed 7680K, reserved 1048576K
GC Heap History (20 events):
Event: 36.971 GC heap after
{Heap after GC invocations=37 (full 0):
 garbage-first heap   total 186368K, used 125138K [0x0000000091000000, 0x0000000100000000)
  region size 1024K, 4 young (4096K), 4 survivors (4096K)
 Metaspace       used 64336K, capacity 65378K, committed 65584K, reserved 1107968K
  class space    used 7195K, capacity 7540K, committed 7552K, reserved 1048576K
}
Event: 37.615 GC heap before
{Heap before GC invocations=37 (full 0):
 garbage-first heap   total 186368K, used 160978K [0x0000000091000000, 0x0000000100000000)
  region size 1024K, 39 young (39936K), 4 survivors (4096K)
 Metaspace       used 64350K, capacity 65378K, committed 65584K, reserved 1107968K
  class space    used 7195K, capacity 7540K, committed 7552K, reserved 1048576K
}
Event: 37.637 GC heap after
{Heap after GC invocations=38 (full 0):
 garbage-first heap   total 186368K, used 126825K [0x0000000091000000, 0x0000000100000000)
  region size 1024K, 4 young (4096K), 4 survivors (4096K)
 Metaspace       used 64350K, capacity 65378K, committed 65584K, reserved 1107968K
  class space    used 7195K, capacity 7540K, committed 7552K, reserved 1048576K
}
Event: 38.297 GC heap before
{Heap before GC invocations=39 (full 0):
 garbage-first heap   total 186368K, used 161641K [0x0000000091000000, 0x0000000100000000)
  region size 1024K, 38 young (38912K), 4 survivors (4096K)
 Metaspace       used 64376K, capacity 65423K, committed 65712K, reserved 1107968K
  class space    used 7197K, capacity 7574K, committed 7680K, reserved 1048576K
}
Event: 38.314 GC heap after
{Heap after GC invocations=40 (full 0):
 garbage-first heap   total 186368K, used 128501K [0x0000000091000000, 0x0000000100000000)
  region size 1024K, 4 young (4096K), 4 survivors (4096K)
 Metaspace       used 64376K, capacity 65423K, committed 65712K, reserved 1107968K
  class space    used 7197K, capacity 7574K, committed 7680K, reserved 1048576K
}
Event: 38.873 GC heap before
{Heap before GC invocations=40 (full 0):
 garbage-first heap   total 186368K, used 161269K [0x0000000091000000, 0x0000000100000000)
  region size 1024K, 36 young (36864K), 4 survivors (4096K)
 Metaspace       used 64389K, capacity 65423K, committed 65712K, reserved 1107968K
  class space    used 7197K, capacity 7574K, committed 7680K, reserved 1048576K
}
Event: 38.890 GC heap after
{Heap after GC invocations=41 (full 0):
 garbage-first heap   total 186368K, used 130777K [0x0000000091000000, 0x0000000100000000)
  region size 1024K, 4 young (4096K), 4 survivors (4096K)
 Metaspace       used 64389K, capacity 65423K, committed 65712K, reserved 1107968K
  class space    used 7197K, capacity 7574K, committed 7680K, reserved 1048576K
}
Event: 39.513 GC heap before
{Heap before GC invocations=42 (full 0):
 garbage-first heap   total 186368K, used 161497K [0x0000000091000000, 0x0000000100000000)
  region size 1024K, 34 young (34816K), 4 survivors (4096K)
 Metaspace       used 64405K, capacity 65487K, committed 65712K, reserved 1107968K
  class space    used 7197K, capacity 7574K, committed 7680K, reserved 1048576K
}
Event: 39.532 GC heap after
{Heap after GC invocations=43 (full 0):
 garbage-first heap   total 224256K, used 132281K [0x0000000091000000, 0x0000000100000000)
  region size 1024K, 4 young (4096K), 4 survivors (4096K)
 Metaspace       used 64405K, capacity 65487K, committed 65712K, reserved 1107968K
  class space    used 7197K, capacity 7574K, committed 7680K, reserved 1048576K
}
Event: 40.157 GC heap before
{Heap before GC invocations=43 (full 0):
 garbage-first heap   total 224256K, used 179385K [0x0000000091000000, 0x0000000100000000)
  region size 1024K, 50 young (51200K), 4 survivors (4096K)
 Metaspace       used 64799K, capacity 65812K, committed 65968K, reserved 1107968K
  class space    used 7223K, capacity 7576K, committed 7680K, reserved 1048576K
}
Event: 40.168 GC heap after
{Heap after GC invocations=44 (full 0):
 garbage-first heap   total 224256K, used 132979K [0x0000000091000000, 0x0000000100000000)
  region size 1024K, 5 young (5120K), 5 survivors (5120K)
 Metaspace       used 64799K, capacity 65812K, committed 65968K, reserved 1107968K
  class space    used 7223K, capacity 7576K, committed 7680K, reserved 1048576K
}
Event: 40.670 GC heap before
{Heap before GC invocations=45 (full 0):
 garbage-first heap   total 224256K, used 182131K [0x0000000091000000, 0x0000000100000000)
  region size 1024K, 53 young (54272K), 5 survivors (5120K)
 Metaspace       used 64877K, capacity 65876K, committed 66224K, reserved 1107968K
  class space    used 7227K, capacity 7576K, committed 7680K, reserved 1048576K
}
Event: 40.683 GC heap after
{Heap after GC invocations=46 (full 0):
 garbage-first heap   total 224256K, used 133755K [0x0000000091000000, 0x0000000100000000)
  region size 1024K, 4 young (4096K), 4 survivors (4096K)
 Metaspace       used 64877K, capacity 65876K, committed 66224K, reserved 1107968K
  class space    used 7227K, capacity 7576K, committed 7680K, reserved 1048576K
}
Event: 40.995 GC heap before
{Heap before GC invocations=46 (full 0):
 garbage-first heap   total 224256K, used 183931K [0x0000000091000000, 0x0000000100000000)
  region size 1024K, 53 young (54272K), 4 survivors (4096K)
 Metaspace       used 64898K, capacity 65940K, committed 66224K, reserved 1107968K
  class space    used 7227K, capacity 7576K, committed 7680K, reserved 1048576K
}
Event: 41.006 GC heap after
{Heap after GC invocations=47 (full 0):
 garbage-first heap   total 224256K, used 135329K [0x0000000091000000, 0x0000000100000000)
  region size 1024K, 5 young (5120K), 5 survivors (5120K)
 Metaspace       used 64898K, capacity 65940K, committed 66224K, reserved 1107968K
  class space    used 7227K, capacity 7576K, committed 7680K, reserved 1048576K
}
Event: 41.415 GC heap before
{Heap before GC invocations=47 (full 0):
 garbage-first heap   total 224256K, used 186529K [0x0000000091000000, 0x0000000100000000)
  region size 1024K, 55 young (56320K), 5 survivors (5120K)
 Metaspace       used 64923K, capacity 65940K, committed 66224K, reserved 1107968K
  class space    used 7227K, capacity 7576K, committed 7680K, reserved 1048576K
}
Event: 41.430 GC heap after
{Heap after GC invocations=48 (full 0):
 garbage-first heap   total 224256K, used 135896K [0x0000000091000000, 0x0000000100000000)
  region size 1024K, 4 young (4096K), 4 survivors (4096K)
 Metaspace       used 64923K, capacity 65940K, committed 66224K, reserved 1107968K
  class space    used 7227K, capacity 7576K, committed 7680K, reserved 1048576K
}
Event: 41.805 GC heap before
{Heap before GC invocations=49 (full 0):
 garbage-first heap   total 224256K, used 188120K [0x0000000091000000, 0x0000000100000000)
  region size 1024K, 55 young (56320K), 4 survivors (4096K)
 Metaspace       used 64949K, capacity 65940K, committed 66224K, reserved 1107968K
  class space    used 7229K, capacity 7576K, committed 7680K, reserved 1048576K
}
Event: 41.816 GC heap after
{Heap after GC invocations=50 (full 0):
 garbage-first heap   total 224256K, used 135571K [0x0000000091000000, 0x0000000100000000)
  region size 1024K, 3 young (3072K), 3 survivors (3072K)
 Metaspace       used 64949K, capacity 65940K, committed 66224K, reserved 1107968K
  class space    used 7229K, capacity 7576K, committed 7680K, reserved 1048576K
}
Event: 42.124 GC heap before
{Heap before GC invocations=50 (full 0):
 garbage-first heap   total 224256K, used 189843K [0x0000000091000000, 0x0000000100000000)
  region size 1024K, 56 young (57344K), 3 survivors (3072K)
 Metaspace       used 64953K, capacity 66004K, committed 66224K, reserved 1107968K
  class space    used 7229K, capacity 7576K, committed 7680K, reserved 1048576K
}

