# JRE version: OpenJDK Runtime Environment (11.0.11+9) (build 11.0.11+9-b60-7590822)
# Java VM: OpenJDK 64-Bit Server VM (11.0.11+9-b60-7590822, mixed mode, tiered, compressed oops, g1 gc, windows-amd64)
Heap:
 garbage-first heap   total 236544K, used 201707K [0x0000000091000000, 0x0000000100000000)
  region size 1024K, 70 young (71680K), 4 survivors (4096K)
 Metaspace       used 70130K, capacity 71220K, committed 71504K, reserved 1112064K
  class space    used 7709K, capacity 8107K, committed 8192K, reserved 1048576K
GC Heap History (20 events):
Event: 24.961 GC heap before
{Heap before GC invocations=32 (full 0):
 garbage-first heap   total 196608K, used 168335K [0x0000000091000000, 0x0000000100000000)
  region size 1024K, 51 young (52224K), 5 survivors (5120K)
 Metaspace       used 64247K, capacity 65313K, committed 65488K, reserved 1107968K
  class space    used 7190K, capacity 7540K, committed 7552K, reserved 1048576K
}
Event: 24.974 GC heap after
{Heap after GC invocations=33 (full 0):
 garbage-first heap   total 196608K, used 123521K [0x0000000091000000, 0x0000000100000000)
  region size 1024K, 5 young (5120K), 5 survivors (5120K)
 Metaspace       used 64247K, capacity 65313K, committed 65488K, reserved 1107968K
  class space    used 7190K, capacity 7540K, committed 7552K, reserved 1048576K
}
Event: 25.464 GC heap before
{Heap before GC invocations=33 (full 0):
 garbage-first heap   total 196608K, used 169601K [0x0000000091000000, 0x0000000100000000)
  region size 1024K, 50 young (51200K), 5 survivors (5120K)
 Metaspace       used 64276K, capacity 65313K, committed 65488K, reserved 1107968K
  class space    used 7190K, capacity 7540K, committed 7552K, reserved 1048576K
}
Event: 25.477 GC heap after
{Heap after GC invocations=34 (full 0):
 garbage-first heap   total 196608K, used 125690K [0x0000000091000000, 0x0000000100000000)
  region size 1024K, 5 young (5120K), 5 survivors (5120K)
 Metaspace       used 64276K, capacity 65313K, committed 65488K, reserved 1107968K
  class space    used 7190K, capacity 7540K, committed 7552K, reserved 1048576K
}
Event: 26.032 GC heap before
{Heap before GC invocations=35 (full 0):
 garbage-first heap   total 196608K, used 168698K [0x0000000091000000, 0x0000000100000000)
  region size 1024K, 47 young (48128K), 5 survivors (5120K)
 Metaspace       used 64306K, capacity 65326K, committed 65488K, reserved 1107968K
  class space    used 7191K, capacity 7542K, committed 7552K, reserved 1048576K
}
Event: 26.045 GC heap after
{Heap after GC invocations=36 (full 0):
 garbage-first heap   total 196608K, used 127724K [0x0000000091000000, 0x0000000100000000)
  region size 1024K, 5 young (5120K), 5 survivors (5120K)
 Metaspace       used 64306K, capacity 65326K, committed 65488K, reserved 1107968K
  class space    used 7191K, capacity 7542K, committed 7552K, reserved 1048576K
}
Event: 26.527 GC heap before
{Heap before GC invocations=36 (full 0):
 garbage-first heap   total 196608K, used 168684K [0x0000000091000000, 0x0000000100000000)
  region size 1024K, 45 young (46080K), 5 survivors (5120K)
 Metaspace       used 64322K, capacity 65390K, committed 65488K, reserved 1107968K
  class space    used 7191K, capacity 7542K, committed 7552K, reserved 1048576K
}
Event: 26.540 GC heap after
{Heap after GC invocations=37 (full 0):
 garbage-first heap   total 196608K, used 130336K [0x0000000091000000, 0x0000000100000000)
  region size 1024K, 5 young (5120K), 5 survivors (5120K)
 Metaspace       used 64322K, capacity 65390K, committed 65488K, reserved 1107968K
  class space    used 7191K, capacity 7542K, committed 7552K, reserved 1048576K
}
Event: 26.994 GC heap before
{Heap before GC invocations=38 (full 0):
 garbage-first heap   total 196608K, used 169248K [0x0000000091000000, 0x0000000100000000)
  region size 1024K, 43 young (44032K), 5 survivors (5120K)
 Metaspace       used 64338K, capacity 65390K, committed 65488K, reserved 1107968K
  class space    used 7192K, capacity 7542K, committed 7552K, reserved 1048576K
}
Event: 27.007 GC heap after
{Heap after GC invocations=39 (full 0):
 garbage-first heap   total 196608K, used 132488K [0x0000000091000000, 0x0000000100000000)
  region size 1024K, 5 young (5120K), 5 survivors (5120K)
 Metaspace       used 64338K, capacity 65390K, committed 65488K, reserved 1107968K
  class space    used 7192K, capacity 7542K, committed 7552K, reserved 1048576K
}
Event: 27.359 GC heap before
{Heap before GC invocations=39 (full 0):
 garbage-first heap   total 196608K, used 170376K [0x0000000091000000, 0x0000000100000000)
  region size 1024K, 42 young (43008K), 5 survivors (5120K)
 Metaspace       used 64703K, capacity 65747K, committed 65872K, reserved 1107968K
  class space    used 7215K, capacity 7576K, committed 7680K, reserved 1048576K
}
Event: 27.369 GC heap after
{Heap after GC invocations=40 (full 0):
 garbage-first heap   total 236544K, used 133021K [0x0000000091000000, 0x0000000100000000)
  region size 1024K, 3 young (3072K), 3 survivors (3072K)
 Metaspace       used 64703K, capacity 65747K, committed 65872K, reserved 1107968K
  class space    used 7215K, capacity 7576K, committed 7680K, reserved 1048576K
}
Event: 27.872 GC heap before
{Heap before GC invocations=41 (full 0):
 garbage-first heap   total 236544K, used 196509K [0x0000000091000000, 0x0000000100000000)
  region size 1024K, 65 young (66560K), 3 survivors (3072K)
 Metaspace       used 64825K, capacity 65875K, committed 66128K, reserved 1107968K
  class space    used 7222K, capacity 7576K, committed 7680K, reserved 1048576K
}
Event: 27.882 GC heap after
{Heap after GC invocations=42 (full 0):
 garbage-first heap   total 236544K, used 135218K [0x0000000091000000, 0x0000000100000000)
  region size 1024K, 5 young (5120K), 5 survivors (5120K)
 Metaspace       used 64825K, capacity 65875K, committed 66128K, reserved 1107968K
  class space    used 7222K, capacity 7576K, committed 7680K, reserved 1048576K
}
Event: 28.122 GC heap before
{Heap before GC invocations=42 (full 0):
 garbage-first heap   total 236544K, used 198706K [0x0000000091000000, 0x0000000100000000)
  region size 1024K, 67 young (68608K), 5 survivors (5120K)
 Metaspace       used 64846K, capacity 65875K, committed 66128K, reserved 1107968K
  class space    used 7222K, capacity 7576K, committed 7680K, reserved 1048576K
}
Event: 28.130 GC heap after
{Heap after GC invocations=43 (full 0):
 garbage-first heap   total 236544K, used 134468K [0x0000000091000000, 0x0000000100000000)
  region size 1024K, 3 young (3072K), 3 survivors (3072K)
 Metaspace       used 64846K, capacity 65875K, committed 66128K, reserved 1107968K
  class space    used 7222K, capacity 7576K, committed 7680K, reserved 1048576K
}
Event: 28.534 GC heap before
{Heap before GC invocations=44 (full 0):
 garbage-first heap   total 236544K, used 200004K [0x0000000091000000, 0x0000000100000000)
  region size 1024K, 67 young (68608K), 3 survivors (3072K)
 Metaspace       used 64884K, capacity 65939K, committed 66128K, reserved 1107968K
  class space    used 7224K, capacity 7576K, committed 7680K, reserved 1048576K
}
Event: 28.543 GC heap after
{Heap after GC invocations=45 (full 0):
 garbage-first heap   total 236544K, used 135559K [0x0000000091000000, 0x0000000100000000)
  region size 1024K, 4 young (4096K), 4 survivors (4096K)
 Metaspace       used 64884K, capacity 65939K, committed 66128K, reserved 1107968K
  class space    used 7224K, capacity 7576K, committed 7680K, reserved 1048576K
}
Event: 28.798 GC heap before
{Heap before GC invocations=45 (full 0):
 garbage-first heap   total 236544K, used 201095K [0x0000000091000000, 0x0000000100000000)
  region size 1024K, 68 young (69632K), 4 survivors (4096K)
 Metaspace       used 64887K, capacity 65939K, committed 66128K, reserved 1107968K
  class space    used 7224K, capacity 7576K, committed 7680K, reserved 1048576K
}
Event: 28.805 GC heap after
{Heap after GC invocations=46 (full 0):
 garbage-first heap   total 236544K, used 136171K [0x0000000091000000, 0x0000000100000000)
  region size 1024K, 4 young (4096K), 4 survivors (4096K)
 Metaspace       used 64887K, capacity 65939K, committed 66128K, reserved 1107968K
  class space    used 7224K, capacity 7576K, committed 7680K, reserved 1048576K
}

