# JRE version: OpenJDK Runtime Environment (11.0.11+9) (build 11.0.11+9-b60-7590822)
# Java VM: OpenJDK 64-Bit Server VM (11.0.11+9-b60-7590822, mixed mode, tiered, compressed oops, g1 gc, windows-amd64)
Heap:
 garbage-first heap   total 165888K, used 109862K [0x00000000a0000000, 0x0000000100000000)
  region size 1024K, 4 young (4096K), 2 survivors (2048K)
 Metaspace       used 109459K, capacity 113707K, committed 114084K, reserved 1148928K
  class space    used 13621K, capacity 15057K, committed 15180K, reserved 1048576K
GC Heap History (20 events):
Event: 6210.491 GC heap before
{Heap before GC invocations=216 (full 0):
 garbage-first heap   total 165888K, used 130211K [0x00000000a0000000, 0x0000000100000000)
  region size 1024K, 38 young (38912K), 1 survivors (1024K)
 Metaspace       used 109173K, capacity 113483K, committed 113700K, reserved 1148928K
  class space    used 13591K, capacity 15003K, committed 15052K, reserved 1048576K
}
Event: 6210.496 GC heap after
{Heap after GC invocations=217 (full 0):
 garbage-first heap   total 165888K, used 94249K [0x00000000a0000000, 0x0000000100000000)
  region size 1024K, 2 young (2048K), 2 survivors (2048K)
 Metaspace       used 109173K, capacity 113483K, committed 113700K, reserved 1148928K
  class space    used 13591K, capacity 15003K, committed 15052K, reserved 1048576K
}
Event: 6210.749 GC heap before
{Heap before GC invocations=218 (full 0):
 garbage-first heap   total 165888K, used 132137K [0x00000000a0000000, 0x0000000100000000)
  region size 1024K, 40 young (40960K), 2 survivors (2048K)
 Metaspace       used 109283K, capacity 113609K, committed 113700K, reserved 1148928K
  class space    used 13609K, capacity 15036K, committed 15052K, reserved 1048576K
}
Event: 6210.755 GC heap after
{Heap after GC invocations=219 (full 0):
 garbage-first heap   total 165888K, used 95972K [0x00000000a0000000, 0x0000000100000000)
  region size 1024K, 4 young (4096K), 4 survivors (4096K)
 Metaspace       used 109283K, capacity 113609K, committed 113700K, reserved 1148928K
  class space    used 13609K, capacity 15036K, committed 15052K, reserved 1048576K
}
Event: 6210.785 GC heap before
{Heap before GC invocations=219 (full 0):
 garbage-first heap   total 165888K, used 100068K [0x00000000a0000000, 0x0000000100000000)
  region size 1024K, 8 young (8192K), 4 survivors (4096K)
 Metaspace       used 109294K, capacity 113610K, committed 113700K, reserved 1148928K
  class space    used 13609K, capacity 15036K, committed 15052K, reserved 1048576K
}
Event: 6210.791 GC heap after
{Heap after GC invocations=220 (full 0):
 garbage-first heap   total 165888K, used 90582K [0x00000000a0000000, 0x0000000100000000)
  region size 1024K, 1 young (1024K), 1 survivors (1024K)
 Metaspace       used 109294K, capacity 113610K, committed 113700K, reserved 1148928K
  class space    used 13609K, capacity 15036K, committed 15052K, reserved 1048576K
}
Event: 6211.239 GC heap before
{Heap before GC invocations=220 (full 0):
 garbage-first heap   total 165888K, used 131542K [0x00000000a0000000, 0x0000000100000000)
  region size 1024K, 42 young (43008K), 1 survivors (1024K)
 Metaspace       used 109309K, capacity 113611K, committed 113700K, reserved 1148928K
  class space    used 13609K, capacity 15036K, committed 15052K, reserved 1048576K
}
Event: 6211.245 GC heap after
{Heap after GC invocations=221 (full 0):
 garbage-first heap   total 165888K, used 96716K [0x00000000a0000000, 0x0000000100000000)
  region size 1024K, 6 young (6144K), 6 survivors (6144K)
 Metaspace       used 109309K, capacity 113611K, committed 113700K, reserved 1148928K
  class space    used 13609K, capacity 15036K, committed 15052K, reserved 1048576K
}
Event: 6211.434 GC heap before
{Heap before GC invocations=222 (full 0):
 garbage-first heap   total 165888K, used 133580K [0x00000000a0000000, 0x0000000100000000)
  region size 1024K, 43 young (44032K), 6 survivors (6144K)
 Metaspace       used 109310K, capacity 113611K, committed 113700K, reserved 1148928K
  class space    used 13609K, capacity 15036K, committed 15052K, reserved 1048576K
}
Event: 6211.447 GC heap after
{Heap after GC invocations=223 (full 0):
 garbage-first heap   total 165888K, used 103816K [0x00000000a0000000, 0x0000000100000000)
  region size 1024K, 6 young (6144K), 6 survivors (6144K)
 Metaspace       used 109310K, capacity 113611K, committed 113700K, reserved 1148928K
  class space    used 13609K, capacity 15036K, committed 15052K, reserved 1048576K
}
Event: 6211.451 GC heap before
{Heap before GC invocations=223 (full 0):
 garbage-first heap   total 165888K, used 105864K [0x00000000a0000000, 0x0000000100000000)
  region size 1024K, 8 young (8192K), 6 survivors (6144K)
 Metaspace       used 109310K, capacity 113611K, committed 113700K, reserved 1148928K
  class space    used 13609K, capacity 15036K, committed 15052K, reserved 1048576K
}
Event: 6211.462 GC heap after
{Heap after GC invocations=224 (full 0):
 garbage-first heap   total 165888K, used 104254K [0x00000000a0000000, 0x0000000100000000)
  region size 1024K, 1 young (1024K), 1 survivors (1024K)
 Metaspace       used 109310K, capacity 113611K, committed 113700K, reserved 1148928K
  class space    used 13609K, capacity 15036K, committed 15052K, reserved 1048576K
}
Event: 6211.469 GC heap before
{Heap before GC invocations=224 (full 0):
 garbage-first heap   total 165888K, used 107326K [0x00000000a0000000, 0x0000000100000000)
  region size 1024K, 5 young (5120K), 1 survivors (1024K)
 Metaspace       used 109310K, capacity 113611K, committed 113700K, reserved 1148928K
  class space    used 13609K, capacity 15036K, committed 15052K, reserved 1048576K
}
Event: 6211.472 GC heap after
{Heap after GC invocations=225 (full 0):
 garbage-first heap   total 165888K, used 103668K [0x00000000a0000000, 0x0000000100000000)
  region size 1024K, 1 young (1024K), 1 survivors (1024K)
 Metaspace       used 109310K, capacity 113611K, committed 113700K, reserved 1148928K
  class space    used 13609K, capacity 15036K, committed 15052K, reserved 1048576K
}
Event: 6345.945 GC heap before
{Heap before GC invocations=226 (full 0):
 garbage-first heap   total 165888K, used 139508K [0x00000000a0000000, 0x0000000100000000)
  region size 1024K, 30 young (30720K), 1 survivors (1024K)
 Metaspace       used 109382K, capacity 113705K, committed 113828K, reserved 1148928K
  class space    used 13620K, capacity 15057K, committed 15180K, reserved 1048576K
}
Event: 6345.947 GC heap after
{Heap after GC invocations=227 (full 0):
 garbage-first heap   total 165888K, used 103781K [0x00000000a0000000, 0x0000000100000000)
  region size 1024K, 1 young (1024K), 1 survivors (1024K)
 Metaspace       used 109382K, capacity 113705K, committed 113828K, reserved 1148928K
  class space    used 13620K, capacity 15057K, committed 15180K, reserved 1048576K
}
Event: 6418.490 GC heap before
{Heap before GC invocations=227 (full 0):
 garbage-first heap   total 165888K, used 110949K [0x00000000a0000000, 0x0000000100000000)
  region size 1024K, 8 young (8192K), 1 survivors (1024K)
 Metaspace       used 109412K, capacity 113707K, committed 114084K, reserved 1148928K
  class space    used 13620K, capacity 15057K, committed 15180K, reserved 1048576K
}
Event: 6418.494 GC heap after
{Heap after GC invocations=228 (full 0):
 garbage-first heap   total 165888K, used 104385K [0x00000000a0000000, 0x0000000100000000)
  region size 1024K, 1 young (1024K), 1 survivors (1024K)
 Metaspace       used 109412K, capacity 113707K, committed 114084K, reserved 1148928K
  class space    used 13620K, capacity 15057K, committed 15180K, reserved 1048576K
}
Event: 6418.719 GC heap before
{Heap before GC invocations=228 (full 0):
 garbage-first heap   total 165888K, used 134081K [0x00000000a0000000, 0x0000000100000000)
  region size 1024K, 31 young (31744K), 1 survivors (1024K)
 Metaspace       used 109442K, capacity 113707K, committed 114084K, reserved 1148928K
  class space    used 13621K, capacity 15057K, committed 15180K, reserved 1048576K
}
Event: 6418.737 GC heap after
{Heap after GC invocations=229 (full 0):
 garbage-first heap   total 165888K, used 108061K [0x00000000a0000000, 0x0000000100000000)
  region size 1024K, 4 young (4096K), 4 survivors (4096K)
 Metaspace       used 109442K, capacity 113707K, committed 114084K, reserved 1148928K
  class space    used 13621K, capacity 15057K, committed 15180K, reserved 1048576K
}

